# JRE version: OpenJDK Runtime Environment (8.0_242-b01) (build 1.8.0_242-release-1644-b01)
# Java VM: OpenJDK 64-Bit Server VM (25.242-b01 mixed mode windows-amd64 compressed oops)
Heap:
 PSYoungGen      total 199168K, used 77993K [0x00000000d5580000, 0x00000000e3c80000, 0x0000000100000000)
  eden space 173568K, 30% used [0x00000000d5580000,0x00000000d8a08f58,0x00000000dff00000)
  from space 25600K, 94% used [0x00000000e1b80000,0x00000000e33216b0,0x00000000e3480000)
  to   space 29184K, 0% used [0x00000000dff00000,0x00000000dff00000,0x00000000e1b80000)
 ParOldGen       total 95232K, used 77613K [0x0000000080000000, 0x0000000085d00000, 0x00000000d5580000)
  object space 95232K, 81% used [0x0000000080000000,0x0000000084bcb480,0x0000000085d00000)
 Metaspace       used 83404K, capacity 88172K, committed 88472K, reserved 1126400K
  class space    used 11267K, capacity 12107K, committed 12208K, reserved 1048576K
GC Heap History (10 events):
Event: 11.084 GC heap before
{Heap before GC invocations=19 (full 3):
 PSYoungGen      total 150016K, used 134656K [0x00000000d5580000, 0x00000000e1980000, 0x0000000100000000)
  eden space 134656K, 100% used [0x00000000d5580000,0x00000000dd900000,0x00000000dd900000)
  from space 15360K, 0% used [0x00000000dd900000,0x00000000dd900000,0x00000000de800000)
  to   space 16896K, 0% used [0x00000000e0900000,0x00000000e0900000,0x00000000e1980000)
 ParOldGen       total 95232K, used 36902K [0x0000000080000000, 0x0000000085d00000, 0x00000000d5580000)
  object space 95232K, 38% used [0x0000000080000000,0x0000000082409b90,0x0000000085d00000)
 Metaspace       used 65325K, capacity 68080K, committed 68248K, reserved 1107968K
  class space    used 8994K, capacity 9575K, committed 9648K, reserved 1048576K
Event: 11.097 GC heap after
Heap after GC invocations=19 (full 3):
 PSYoungGen      total 173568K, used 14439K [0x00000000d5580000, 0x00000000e1780000, 0x0000000100000000)
  eden space 158720K, 0% used [0x00000000d5580000,0x00000000d5580000,0x00000000df080000)
  from space 14848K, 97% used [0x00000000e0900000,0x00000000e1719ed8,0x00000000e1780000)
  to   space 18944K, 0% used [0x00000000df280000,0x00000000df280000,0x00000000e0500000)
 ParOldGen       total 95232K, used 36910K [0x0000000080000000, 0x0000000085d00000, 0x00000000d5580000)
  object space 95232K, 38% used [0x0000000080000000,0x000000008240bb90,0x0000000085d00000)
 Metaspace       used 65325K, capacity 68080K, committed 68248K, reserved 1107968K
  class space    used 8994K, capacity 9575K, committed 9648K, reserved 1048576K
}
Event: 13.813 GC heap before
{Heap before GC invocations=20 (full 3):
 PSYoungGen      total 173568K, used 173159K [0x00000000d5580000, 0x00000000e1780000, 0x0000000100000000)
  eden space 158720K, 100% used [0x00000000d5580000,0x00000000df080000,0x00000000df080000)
  from space 14848K, 97% used [0x00000000e0900000,0x00000000e1719ed8,0x00000000e1780000)
  to   space 18944K, 0% used [0x00000000df280000,0x00000000df280000,0x00000000e0500000)
 ParOldGen       total 95232K, used 36910K [0x0000000080000000, 0x0000000085d00000, 0x00000000d5580000)
  object space 95232K, 38% used [0x0000000080000000,0x000000008240bb90,0x0000000085d00000)
 Metaspace       used 68318K, capacity 71936K, committed 72088K, reserved 1112064K
  class space    used 9382K, capacity 10055K, committed 10160K, reserved 1048576K
Event: 13.843 GC heap after
Heap after GC invocations=20 (full 3):
 PSYoungGen      total 179712K, used 18943K [0x00000000d5580000, 0x00000000e3480000, 0x0000000100000000)
  eden space 160768K, 0% used [0x00000000d5580000,0x00000000d5580000,0x00000000df280000)
  from space 18944K, 99% used [0x00000000df280000,0x00000000e04fff00,0x00000000e0500000)
  to   space 25600K, 0% used [0x00000000e1b80000,0x00000000e1b80000,0x00000000e3480000)
 ParOldGen       total 95232K, used 47024K [0x0000000080000000, 0x0000000085d00000, 0x00000000d5580000)
  object space 95232K, 49% used [0x0000000080000000,0x0000000082dec1e8,0x0000000085d00000)
 Metaspace       used 68318K, capacity 71936K, committed 72088K, reserved 1112064K
  class space    used 9382K, capacity 10055K, committed 10160K, reserved 1048576K
}
Event: 17.479 GC heap before
{Heap before GC invocations=21 (full 3):
 PSYoungGen      total 179712K, used 179711K [0x00000000d5580000, 0x00000000e3480000, 0x0000000100000000)
  eden space 160768K, 100% used [0x00000000d5580000,0x00000000df280000,0x00000000df280000)
  from space 18944K, 99% used [0x00000000df280000,0x00000000e04fff00,0x00000000e0500000)
  to   space 25600K, 0% used [0x00000000e1b80000,0x00000000e1b80000,0x00000000e3480000)
 ParOldGen       total 95232K, used 47024K [0x0000000080000000, 0x0000000085d00000, 0x00000000d5580000)
  object space 95232K, 49% used [0x0000000080000000,0x0000000082dec1e8,0x0000000085d00000)
 Metaspace       used 74019K, capacity 77826K, committed 78104K, reserved 1116160K
  class space    used 10012K, capacity 10726K, committed 10800K, reserved 1048576K
Event: 17.504 GC heap after
Heap after GC invocations=21 (full 3):
 PSYoungGen      total 199168K, used 23302K [0x00000000d5580000, 0x00000000e3c80000, 0x0000000100000000)
  eden space 173568K, 0% used [0x00000000d5580000,0x00000000d5580000,0x00000000dff00000)
  from space 25600K, 91% used [0x00000000e1b80000,0x00000000e3241988,0x00000000e3480000)
  to   space 29184K, 0% used [0x00000000dff00000,0x00000000dff00000,0x00000000e1b80000)
 ParOldGen       total 95232K, used 54824K [0x0000000080000000, 0x0000000085d00000, 0x00000000d5580000)
  object space 95232K, 57% used [0x0000000080000000,0x000000008358a3f8,0x0000000085d00000)
 Metaspace       used 74019K, capacity 77826K, committed 78104K, reserved 1116160K
  class space    used 10012K, capacity 10726K, committed 10800K, reserved 1048576K
}
Event: 19.245 GC heap before
{Heap before GC invocations=22 (full 3):
 PSYoungGen      total 199168K, used 196870K [0x00000000d5580000, 0x00000000e3c80000, 0x0000000100000000)
  eden space 173568K, 100% used [0x00000000d5580000,0x00000000dff00000,0x00000000dff00000)
  from space 25600K, 91% used [0x00000000e1b80000,0x00000000e3241988,0x00000000e3480000)
  to   space 29184K, 0% used [0x00000000dff00000,0x00000000dff00000,0x00000000e1b80000)
 ParOldGen       total 95232K, used 54824K [0x0000000080000000, 0x0000000085d00000, 0x00000000d5580000)
  object space 95232K, 57% used [0x0000000080000000,0x000000008358a3f8,0x0000000085d00000)
 Metaspace       used 78220K, capacity 82086K, committed 82200K, reserved 1120256K
  class space    used 10508K, capacity 11214K, committed 11312K, reserved 1048576K
Event: 19.290 GC heap after
Heap after GC invocations=22 (full 3):
 PSYoungGen      total 202752K, used 29170K [0x00000000d5580000, 0x00000000e3c80000, 0x0000000100000000)
  eden space 173568K, 0% used [0x00000000d5580000,0x00000000d5580000,0x00000000dff00000)
  from space 29184K, 99% used [0x00000000dff00000,0x00000000e1b7ca18,0x00000000e1b80000)
  to   space 25600K, 0% used [0x00000000e1b80000,0x00000000e1b80000,0x00000000e3480000)
 ParOldGen       total 95232K, used 56804K [0x0000000080000000, 0x0000000085d00000, 0x00000000d5580000)
  object space 95232K, 59% used [0x0000000080000000,0x0000000083779338,0x0000000085d00000)
 Metaspace       used 78220K, capacity 82086K, committed 82200K, reserved 1120256K
  class space    used 10508K, capacity 11214K, committed 11312K, reserved 1048576K
}
Event: 20.286 GC heap before
{Heap before GC invocations=23 (full 3):
 PSYoungGen      total 202752K, used 202738K [0x00000000d5580000, 0x00000000e3c80000, 0x0000000100000000)
  eden space 173568K, 100% used [0x00000000d5580000,0x00000000dff00000,0x00000000dff00000)
  from space 29184K, 99% used [0x00000000dff00000,0x00000000e1b7ca18,0x00000000e1b80000)
  to   space 25600K, 0% used [0x00000000e1b80000,0x00000000e1b80000,0x00000000e3480000)
 ParOldGen       total 95232K, used 56804K [0x0000000080000000, 0x0000000085d00000, 0x00000000d5580000)
  object space 95232K, 59% used [0x0000000080000000,0x0000000083779338,0x0000000085d00000)
 Metaspace       used 81052K, capacity 85150K, committed 85400K, reserved 1122304K
  class space    used 10887K, capacity 11600K, committed 11696K, reserved 1048576K
Event: 20.325 GC heap after
Heap after GC invocations=23 (full 3):
 PSYoungGen      total 199168K, used 24197K [0x00000000d5580000, 0x00000000e3c80000, 0x0000000100000000)
  eden space 173568K, 0% used [0x00000000d5580000,0x00000000d5580000,0x00000000dff00000)
  from space 25600K, 94% used [0x00000000e1b80000,0x00000000e33216b0,0x00000000e3480000)
  to   space 29184K, 0% used [0x00000000dff00000,0x00000000dff00000,0x00000000e1b80000)
 ParOldGen       total 95232K, used 77613K [0x0000000080000000, 0x0000000085d00000, 0x00000000d5580000)
  object space 95232K, 81% used [0x0000000080000000,0x0000000084bcb480,0x0000000085d00000)
 Metaspace       used 81052K, capacity 85150K, committed 85400K, reserved 1122304K
  class space    used 10887K, capacity 11600K, committed 11696K, reserved 1048576K
}

