# JRE version: OpenJDK Runtime Environment (8.0_242-b01) (build 1.8.0_242-release-1644-b01)
# Java VM: OpenJDK 64-Bit Server VM (25.242-b01 mixed mode windows-amd64 compressed oops)
Heap:
 PSYoungGen      total 344064K, used 293288K [0x00000000d5580000, 0x00000000ee980000, 0x0000000100000000)
  eden space 283136K, 86% used [0x00000000d5580000,0x00000000e46056d0,0x00000000e6a00000)
  from space 60928K, 77% used [0x00000000e6a00000,0x00000000e97faa40,0x00000000ea580000)
  to   space 51200K, 0% used [0x00000000ea580000,0x00000000ea580000,0x00000000ed780000)
 ParOldGen       total 118784K, used 59612K [0x0000000080000000, 0x0000000087400000, 0x00000000d5580000)
  object space 118784K, 50% used [0x0000000080000000,0x0000000083a373d0,0x0000000087400000)
 Metaspace       used 101235K, capacity 106538K, committed 106648K, reserved 1142784K
  class space    used 13217K, capacity 14187K, committed 14256K, reserved 1048576K
GC Heap History (10 events):
Event: 65.363 GC heap before
{Heap before GC invocations=58 (full 37):
 PSYoungGen      total 334336K, used 334334K [0x00000000d5580000, 0x00000000ee980000, 0x0000000100000000)
  eden space 283136K, 100% used [0x00000000d5580000,0x00000000e6a00000,0x00000000e6a00000)
  from space 51200K, 99% used [0x00000000ea580000,0x00000000ed77fbb0,0x00000000ed780000)
  to   space 60928K, 0% used [0x00000000e6a00000,0x00000000e6a00000,0x00000000ea580000)
 ParOldGen       total 108544K, used 80207K [0x0000000080000000, 0x0000000086a00000, 0x00000000d5580000)
  object space 108544K, 73% used [0x0000000080000000,0x0000000084e53d00,0x0000000086a00000)
 Metaspace       used 84054K, capacity 88560K, committed 89240K, reserved 1126400K
  class space    used 11316K, capacity 12141K, committed 12464K, reserved 1048576K
Event: 65.442 GC heap after
Heap after GC invocations=58 (full 37):
 PSYoungGen      total 344064K, used 60920K [0x00000000d5580000, 0x00000000ee980000, 0x0000000100000000)
  eden space 283136K, 0% used [0x00000000d5580000,0x00000000d5580000,0x00000000e6a00000)
  from space 60928K, 99% used [0x00000000e6a00000,0x00000000ea57e0f0,0x00000000ea580000)
  to   space 51200K, 0% used [0x00000000ea580000,0x00000000ea580000,0x00000000ed780000)
 ParOldGen       total 118784K, used 118195K [0x0000000080000000, 0x0000000087400000, 0x00000000d5580000)
  object space 118784K, 99% used [0x0000000080000000,0x000000008736cdb0,0x0000000087400000)
 Metaspace       used 84054K, capacity 88560K, committed 89240K, reserved 1126400K
  class space    used 11316K, capacity 12141K, committed 12464K, reserved 1048576K
}
Event: 65.443 GC heap before
{Heap before GC invocations=59 (full 38):
 PSYoungGen      total 344064K, used 60920K [0x00000000d5580000, 0x00000000ee980000, 0x0000000100000000)
  eden space 283136K, 0% used [0x00000000d5580000,0x00000000d5580000,0x00000000e6a00000)
  from space 60928K, 99% used [0x00000000e6a00000,0x00000000ea57e0f0,0x00000000ea580000)
  to   space 51200K, 0% used [0x00000000ea580000,0x00000000ea580000,0x00000000ed780000)
 ParOldGen       total 118784K, used 118195K [0x0000000080000000, 0x0000000087400000, 0x00000000d5580000)
  object space 118784K, 99% used [0x0000000080000000,0x000000008736cdb0,0x0000000087400000)
 Metaspace       used 84054K, capacity 88560K, committed 89240K, reserved 1126400K
  class space    used 11316K, capacity 12141K, committed 12464K, reserved 1048576K
Event: 66.739 GC heap after
Heap after GC invocations=59 (full 38):
 PSYoungGen      total 344064K, used 35266K [0x00000000d5580000, 0x00000000ee980000, 0x0000000100000000)
  eden space 283136K, 0% used [0x00000000d5580000,0x00000000d5580000,0x00000000e6a00000)
  from space 60928K, 57% used [0x00000000e6a00000,0x00000000e8c709c8,0x00000000ea580000)
  to   space 51200K, 0% used [0x00000000ea580000,0x00000000ea580000,0x00000000ed780000)
 ParOldGen       total 118784K, used 118483K [0x0000000080000000, 0x0000000087400000, 0x00000000d5580000)
  object space 118784K, 99% used [0x0000000080000000,0x00000000873b4d10,0x0000000087400000)
 Metaspace       used 84040K, capacity 88522K, committed 89240K, reserved 1126400K
  class space    used 11311K, capacity 12132K, committed 12464K, reserved 1048576K
}
Event: 98.270 GC heap before
{Heap before GC invocations=60 (full 39):
 PSYoungGen      total 344064K, used 318402K [0x00000000d5580000, 0x00000000ee980000, 0x0000000100000000)
  eden space 283136K, 100% used [0x00000000d5580000,0x00000000e6a00000,0x00000000e6a00000)
  from space 60928K, 57% used [0x00000000e6a00000,0x00000000e8c709c8,0x00000000ea580000)
  to   space 51200K, 0% used [0x00000000ea580000,0x00000000ea580000,0x00000000ed780000)
 ParOldGen       total 118784K, used 118483K [0x0000000080000000, 0x0000000087400000, 0x00000000d5580000)
  object space 118784K, 99% used [0x0000000080000000,0x00000000873b4d10,0x0000000087400000)
 Metaspace       used 89157K, capacity 93894K, committed 94360K, reserved 1130496K
  class space    used 11732K, capacity 12570K, committed 12720K, reserved 1048576K
Event: 99.336 GC heap after
Heap after GC invocations=60 (full 39):
 PSYoungGen      total 344064K, used 0K [0x00000000d5580000, 0x00000000ee980000, 0x0000000100000000)
  eden space 283136K, 0% used [0x00000000d5580000,0x00000000d5580000,0x00000000e6a00000)
  from space 60928K, 0% used [0x00000000e6a00000,0x00000000e6a00000,0x00000000ea580000)
  to   space 51200K, 0% used [0x00000000ea580000,0x00000000ea580000,0x00000000ed780000)
 ParOldGen       total 118784K, used 59596K [0x0000000080000000, 0x0000000087400000, 0x00000000d5580000)
  object space 118784K, 50% used [0x0000000080000000,0x0000000083a333a8,0x0000000087400000)
 Metaspace       used 89157K, capacity 93894K, committed 94360K, reserved 1130496K
  class space    used 11732K, capacity 12570K, committed 12720K, reserved 1048576K
}
Event: 174.022 GC heap before
{Heap before GC invocations=61 (full 39):
 PSYoungGen      total 344064K, used 283136K [0x00000000d5580000, 0x00000000ee980000, 0x0000000100000000)
  eden space 283136K, 100% used [0x00000000d5580000,0x00000000e6a00000,0x00000000e6a00000)
  from space 60928K, 0% used [0x00000000e6a00000,0x00000000e6a00000,0x00000000ea580000)
  to   space 51200K, 0% used [0x00000000ea580000,0x00000000ea580000,0x00000000ed780000)
 ParOldGen       total 118784K, used 59596K [0x0000000080000000, 0x0000000087400000, 0x00000000d5580000)
  object space 118784K, 50% used [0x0000000080000000,0x0000000083a333a8,0x0000000087400000)
 Metaspace       used 94596K, capacity 99570K, committed 99864K, reserved 1136640K
  class space    used 12386K, capacity 13287K, committed 13360K, reserved 1048576K
Event: 175.019 GC heap after
Heap after GC invocations=61 (full 39):
 PSYoungGen      total 334336K, used 18109K [0x00000000d5580000, 0x00000000ee980000, 0x0000000100000000)
  eden space 283136K, 0% used [0x00000000d5580000,0x00000000d5580000,0x00000000e6a00000)
  from space 51200K, 35% used [0x00000000ea580000,0x00000000eb72f5c8,0x00000000ed780000)
  to   space 60928K, 0% used [0x00000000e6a00000,0x00000000e6a00000,0x00000000ea580000)
 ParOldGen       total 118784K, used 59604K [0x0000000080000000, 0x0000000087400000, 0x00000000d5580000)
  object space 118784K, 50% used [0x0000000080000000,0x0000000083a353a8,0x0000000087400000)
 Metaspace       used 94596K, capacity 99570K, committed 99864K, reserved 1136640K
  class space    used 12386K, capacity 13287K, committed 13360K, reserved 1048576K
}
Event: 180.569 GC heap before
{Heap before GC invocations=62 (full 39):
 PSYoungGen      total 334336K, used 301245K [0x00000000d5580000, 0x00000000ee980000, 0x0000000100000000)
  eden space 283136K, 100% used [0x00000000d5580000,0x00000000e6a00000,0x00000000e6a00000)
  from space 51200K, 35% used [0x00000000ea580000,0x00000000eb72f5c8,0x00000000ed780000)
  to   space 60928K, 0% used [0x00000000e6a00000,0x00000000e6a00000,0x00000000ea580000)
 ParOldGen       total 118784K, used 59604K [0x0000000080000000, 0x0000000087400000, 0x00000000d5580000)
  object space 118784K, 50% used [0x0000000080000000,0x0000000083a353d0,0x0000000087400000)
 Metaspace       used 100951K, capacity 106164K, committed 106392K, reserved 1140736K
  class space    used 13184K, capacity 14136K, committed 14256K, reserved 1048576K
Event: 180.847 GC heap after
Heap after GC invocations=62 (full 39):
 PSYoungGen      total 344064K, used 47082K [0x00000000d5580000, 0x00000000ee980000, 0x0000000100000000)
  eden space 283136K, 0% used [0x00000000d5580000,0x00000000d5580000,0x00000000e6a00000)
  from space 60928K, 77% used [0x00000000e6a00000,0x00000000e97faa40,0x00000000ea580000)
  to   space 51200K, 0% used [0x00000000ea580000,0x00000000ea580000,0x00000000ed780000)
 ParOldGen       total 118784K, used 59612K [0x0000000080000000, 0x0000000087400000, 0x00000000d5580000)
  object space 118784K, 50% used [0x0000000080000000,0x0000000083a373d0,0x0000000087400000)
 Metaspace       used 100951K, capacity 106164K, committed 106392K, reserved 1140736K
  class space    used 13184K, capacity 14136K, committed 14256K, reserved 1048576K
}

