# JRE version: OpenJDK Runtime Environment (8.0_242-b01) (build 1.8.0_242-release-1644-b01)
# Java VM: OpenJDK 64-Bit Server VM (25.242-b01 mixed mode windows-amd64 compressed oops)
Heap:
 PSYoungGen      total 537088K, used 322946K [0x00000000d5580000, 0x00000000fa680000, 0x0000000100000000)
  eden space 466944K, 58% used [0x00000000d5580000,0x00000000e5fa83f0,0x00000000f1d80000)
  from space 70144K, 71% used [0x00000000f1d80000,0x00000000f4eb8628,0x00000000f6200000)
  to   space 65536K, 0% used [0x00000000f6680000,0x00000000f6680000,0x00000000fa680000)
 ParOldGen       total 246784K, used 181342K [0x0000000080000000, 0x000000008f100000, 0x00000000d5580000)
  object space 246784K, 73% used [0x0000000080000000,0x000000008b1178b0,0x000000008f100000)
 Metaspace       used 84398K, capacity 88750K, committed 89624K, reserved 1126400K
  class space    used 11351K, capacity 12154K, committed 12592K, reserved 1048576K
GC Heap History (10 events):
Event: 28.699 GC heap before
{Heap before GC invocations=42 (full 5):
 PSYoungGen      total 532480K, used 504436K [0x00000000d5580000, 0x00000000fa680000, 0x0000000100000000)
  eden space 466944K, 100% used [0x00000000d5580000,0x00000000f1d80000,0x00000000f1d80000)
  from space 65536K, 57% used [0x00000000f6680000,0x00000000f8b1d0b8,0x00000000fa680000)
  to   space 70144K, 0% used [0x00000000f1d80000,0x00000000f1d80000,0x00000000f6200000)
 ParOldGen       total 246784K, used 175479K [0x0000000080000000, 0x000000008f100000, 0x00000000d5580000)
  object space 246784K, 71% used [0x0000000080000000,0x000000008ab5dd28,0x000000008f100000)
 Metaspace       used 82209K, capacity 86306K, committed 87320K, reserved 1124352K
  class space    used 11102K, capacity 11854K, committed 12336K, reserved 1048576K
Event: 28.749 GC heap after
Heap after GC invocations=42 (full 5):
 PSYoungGen      total 537088K, used 42718K [0x00000000d5580000, 0x00000000fa680000, 0x0000000100000000)
  eden space 466944K, 0% used [0x00000000d5580000,0x00000000d5580000,0x00000000f1d80000)
  from space 70144K, 60% used [0x00000000f1d80000,0x00000000f4737bf8,0x00000000f6200000)
  to   space 65536K, 0% used [0x00000000f6680000,0x00000000f6680000,0x00000000fa680000)
 ParOldGen       total 246784K, used 175479K [0x0000000080000000, 0x000000008f100000, 0x00000000d5580000)
  object space 246784K, 71% used [0x0000000080000000,0x000000008ab5dd28,0x000000008f100000)
 Metaspace       used 82209K, capacity 86306K, committed 87320K, reserved 1124352K
  class space    used 11102K, capacity 11854K, committed 12336K, reserved 1048576K
}
Event: 29.725 GC heap before
{Heap before GC invocations=43 (full 5):
 PSYoungGen      total 537088K, used 509662K [0x00000000d5580000, 0x00000000fa680000, 0x0000000100000000)
  eden space 466944K, 100% used [0x00000000d5580000,0x00000000f1d80000,0x00000000f1d80000)
  from space 70144K, 60% used [0x00000000f1d80000,0x00000000f4737bf8,0x00000000f6200000)
  to   space 65536K, 0% used [0x00000000f6680000,0x00000000f6680000,0x00000000fa680000)
 ParOldGen       total 246784K, used 175479K [0x0000000080000000, 0x000000008f100000, 0x00000000d5580000)
  object space 246784K, 71% used [0x0000000080000000,0x000000008ab5dd28,0x000000008f100000)
 Metaspace       used 82249K, capacity 86370K, committed 87320K, reserved 1124352K
  class space    used 11102K, capacity 11854K, committed 12336K, reserved 1048576K
Event: 29.765 GC heap after
Heap after GC invocations=43 (full 5):
 PSYoungGen      total 532480K, used 46735K [0x00000000d5580000, 0x00000000fa680000, 0x0000000100000000)
  eden space 466944K, 0% used [0x00000000d5580000,0x00000000d5580000,0x00000000f1d80000)
  from space 65536K, 71% used [0x00000000f6680000,0x00000000f9423cd0,0x00000000fa680000)
  to   space 70144K, 0% used [0x00000000f1d80000,0x00000000f1d80000,0x00000000f6200000)
 ParOldGen       total 246784K, used 175479K [0x0000000080000000, 0x000000008f100000, 0x00000000d5580000)
  object space 246784K, 71% used [0x0000000080000000,0x000000008ab5dd28,0x000000008f100000)
 Metaspace       used 82249K, capacity 86370K, committed 87320K, reserved 1124352K
  class space    used 11102K, capacity 11854K, committed 12336K, reserved 1048576K
}
Event: 31.737 GC heap before
{Heap before GC invocations=44 (full 5):
 PSYoungGen      total 532480K, used 513679K [0x00000000d5580000, 0x00000000fa680000, 0x0000000100000000)
  eden space 466944K, 100% used [0x00000000d5580000,0x00000000f1d80000,0x00000000f1d80000)
  from space 65536K, 71% used [0x00000000f6680000,0x00000000f9423cd0,0x00000000fa680000)
  to   space 70144K, 0% used [0x00000000f1d80000,0x00000000f1d80000,0x00000000f6200000)
 ParOldGen       total 246784K, used 175479K [0x0000000080000000, 0x000000008f100000, 0x00000000d5580000)
  object space 246784K, 71% used [0x0000000080000000,0x000000008ab5dd28,0x000000008f100000)
 Metaspace       used 82267K, capacity 86374K, committed 87320K, reserved 1124352K
  class space    used 11102K, capacity 11854K, committed 12336K, reserved 1048576K
Event: 31.816 GC heap after
Heap after GC invocations=44 (full 5):
 PSYoungGen      total 537088K, used 44114K [0x00000000d5580000, 0x00000000fa680000, 0x0000000100000000)
  eden space 466944K, 0% used [0x00000000d5580000,0x00000000d5580000,0x00000000f1d80000)
  from space 70144K, 62% used [0x00000000f1d80000,0x00000000f4894990,0x00000000f6200000)
  to   space 65536K, 0% used [0x00000000f6680000,0x00000000f6680000,0x00000000fa680000)
 ParOldGen       total 246784K, used 175479K [0x0000000080000000, 0x000000008f100000, 0x00000000d5580000)
  object space 246784K, 71% used [0x0000000080000000,0x000000008ab5dd28,0x000000008f100000)
 Metaspace       used 82267K, capacity 86374K, committed 87320K, reserved 1124352K
  class space    used 11102K, capacity 11854K, committed 12336K, reserved 1048576K
}
Event: 32.918 GC heap before
{Heap before GC invocations=45 (full 5):
 PSYoungGen      total 537088K, used 511058K [0x00000000d5580000, 0x00000000fa680000, 0x0000000100000000)
  eden space 466944K, 100% used [0x00000000d5580000,0x00000000f1d80000,0x00000000f1d80000)
  from space 70144K, 62% used [0x00000000f1d80000,0x00000000f4894990,0x00000000f6200000)
  to   space 65536K, 0% used [0x00000000f6680000,0x00000000f6680000,0x00000000fa680000)
 ParOldGen       total 246784K, used 175479K [0x0000000080000000, 0x000000008f100000, 0x00000000d5580000)
  object space 246784K, 71% used [0x0000000080000000,0x000000008ab5dd28,0x000000008f100000)
 Metaspace       used 82311K, capacity 86378K, committed 87320K, reserved 1124352K
  class space    used 11103K, capacity 11854K, committed 12336K, reserved 1048576K
Event: 33.030 GC heap after
Heap after GC invocations=45 (full 5):
 PSYoungGen      total 532480K, used 65511K [0x00000000d5580000, 0x00000000fa680000, 0x0000000100000000)
  eden space 466944K, 0% used [0x00000000d5580000,0x00000000d5580000,0x00000000f1d80000)
  from space 65536K, 99% used [0x00000000f6680000,0x00000000fa679e40,0x00000000fa680000)
  to   space 70144K, 0% used [0x00000000f1d80000,0x00000000f1d80000,0x00000000f6200000)
 ParOldGen       total 246784K, used 175798K [0x0000000080000000, 0x000000008f100000, 0x00000000d5580000)
  object space 246784K, 71% used [0x0000000080000000,0x000000008abadbe8,0x000000008f100000)
 Metaspace       used 82311K, capacity 86378K, committed 87320K, reserved 1124352K
  class space    used 11103K, capacity 11854K, committed 12336K, reserved 1048576K
}
Event: 37.037 GC heap before
{Heap before GC invocations=46 (full 5):
 PSYoungGen      total 532480K, used 532455K [0x00000000d5580000, 0x00000000fa680000, 0x0000000100000000)
  eden space 466944K, 100% used [0x00000000d5580000,0x00000000f1d80000,0x00000000f1d80000)
  from space 65536K, 99% used [0x00000000f6680000,0x00000000fa679e40,0x00000000fa680000)
  to   space 70144K, 0% used [0x00000000f1d80000,0x00000000f1d80000,0x00000000f6200000)
 ParOldGen       total 246784K, used 175798K [0x0000000080000000, 0x000000008f100000, 0x00000000d5580000)
  object space 246784K, 71% used [0x0000000080000000,0x000000008abadbe8,0x000000008f100000)
 Metaspace       used 82851K, capacity 87018K, committed 88088K, reserved 1124352K
  class space    used 11164K, capacity 11912K, committed 12336K, reserved 1048576K
Event: 37.110 GC heap after
Heap after GC invocations=46 (full 5):
 PSYoungGen      total 537088K, used 50401K [0x00000000d5580000, 0x00000000fa680000, 0x0000000100000000)
  eden space 466944K, 0% used [0x00000000d5580000,0x00000000d5580000,0x00000000f1d80000)
  from space 70144K, 71% used [0x00000000f1d80000,0x00000000f4eb8628,0x00000000f6200000)
  to   space 65536K, 0% used [0x00000000f6680000,0x00000000f6680000,0x00000000fa680000)
 ParOldGen       total 246784K, used 181342K [0x0000000080000000, 0x000000008f100000, 0x00000000d5580000)
  object space 246784K, 73% used [0x0000000080000000,0x000000008b1178b0,0x000000008f100000)
 Metaspace       used 82851K, capacity 87018K, committed 88088K, reserved 1124352K
  class space    used 11164K, capacity 11912K, committed 12336K, reserved 1048576K
}

