# JRE version: OpenJDK Runtime Environment (8.0_242-b01) (build 1.8.0_242-release-1644-b01)
# Java VM: OpenJDK 64-Bit Server VM (25.242-b01 mixed mode windows-amd64 compressed oops)
Heap:
 PSYoungGen      total 114688K, used 29667K [0x00000000d5580000, 0x00000000dda00000, 0x0000000100000000)
  eden space 104448K, 19% used [0x00000000d5580000,0x00000000d68ecd48,0x00000000dbb80000)
  from space 10240K, 95% used [0x00000000dd000000,0x00000000dd98c0a8,0x00000000dda00000)
  to   space 14848K, 0% used [0x00000000dbd00000,0x00000000dbd00000,0x00000000dcb80000)
 ParOldGen       total 94720K, used 33426K [0x0000000080000000, 0x0000000085c80000, 0x00000000d5580000)
  object space 94720K, 35% used [0x0000000080000000,0x00000000820a48f8,0x0000000085c80000)
 Metaspace       used 63914K, capacity 66398K, committed 66712K, reserved 1105920K
  class space    used 8789K, capacity 9278K, committed 9392K, reserved 1048576K
GC Heap History (10 events):
Event: 12.180 GC heap before
{Heap before GC invocations=17 (full 2):
 PSYoungGen      total 82944K, used 82651K [0x00000000d5580000, 0x00000000db200000, 0x0000000100000000)
  eden space 77824K, 100% used [0x00000000d5580000,0x00000000da180000,0x00000000da180000)
  from space 5120K, 94% used [0x00000000dad00000,0x00000000db1b6fe8,0x00000000db200000)
  to   space 7168K, 0% used [0x00000000da400000,0x00000000da400000,0x00000000dab00000)
 ParOldGen       total 57344K, used 16183K [0x0000000080000000, 0x0000000083800000, 0x00000000d5580000)
  object space 57344K, 28% used [0x0000000080000000,0x0000000080fcdda8,0x0000000083800000)
 Metaspace       used 44105K, capacity 45962K, committed 46376K, reserved 1089536K
  class space    used 5976K, capacity 6357K, committed 6448K, reserved 1048576K
Event: 12.230 GC heap after
Heap after GC invocations=17 (full 2):
 PSYoungGen      total 87552K, used 7158K [0x00000000d5580000, 0x00000000dc700000, 0x0000000100000000)
  eden space 80384K, 0% used [0x00000000d5580000,0x00000000d5580000,0x00000000da400000)
  from space 7168K, 99% used [0x00000000da400000,0x00000000daafd8d0,0x00000000dab00000)
  to   space 9728K, 0% used [0x00000000dbd80000,0x00000000dbd80000,0x00000000dc700000)
 ParOldGen       total 57344K, used 21107K [0x0000000080000000, 0x0000000083800000, 0x00000000d5580000)
  object space 57344K, 36% used [0x0000000080000000,0x000000008149cf98,0x0000000083800000)
 Metaspace       used 44105K, capacity 45962K, committed 46376K, reserved 1089536K
  class space    used 5976K, capacity 6357K, committed 6448K, reserved 1048576K
}
Event: 15.841 GC heap before
{Heap before GC invocations=18 (full 2):
 PSYoungGen      total 87552K, used 87542K [0x00000000d5580000, 0x00000000dc700000, 0x0000000100000000)
  eden space 80384K, 100% used [0x00000000d5580000,0x00000000da400000,0x00000000da400000)
  from space 7168K, 99% used [0x00000000da400000,0x00000000daafd8d0,0x00000000dab00000)
  to   space 9728K, 0% used [0x00000000dbd80000,0x00000000dbd80000,0x00000000dc700000)
 ParOldGen       total 57344K, used 21107K [0x0000000080000000, 0x0000000083800000, 0x00000000d5580000)
  object space 57344K, 36% used [0x0000000080000000,0x000000008149cf98,0x0000000083800000)
 Metaspace       used 52018K, capacity 54040K, committed 54312K, reserved 1095680K
  class space    used 6926K, capacity 7354K, committed 7472K, reserved 1048576K
Event: 15.890 GC heap after
Heap after GC invocations=18 (full 2):
 PSYoungGen      total 102400K, used 9721K [0x00000000d5580000, 0x00000000dd200000, 0x0000000100000000)
  eden space 92672K, 0% used [0x00000000d5580000,0x00000000d5580000,0x00000000db000000)
  from space 9728K, 99% used [0x00000000dbd80000,0x00000000dc6fe750,0x00000000dc700000)
  to   space 13824K, 0% used [0x00000000db000000,0x00000000db000000,0x00000000dbd80000)
 ParOldGen       total 57344K, used 28477K [0x0000000080000000, 0x0000000083800000, 0x00000000d5580000)
  object space 57344K, 49% used [0x0000000080000000,0x0000000081bcf538,0x0000000083800000)
 Metaspace       used 52018K, capacity 54040K, committed 54312K, reserved 1095680K
  class space    used 6926K, capacity 7354K, committed 7472K, reserved 1048576K
}
Event: 20.430 GC heap before
{Heap before GC invocations=19 (full 2):
 PSYoungGen      total 102400K, used 86102K [0x00000000d5580000, 0x00000000dd200000, 0x0000000100000000)
  eden space 92672K, 82% used [0x00000000d5580000,0x00000000da0173e8,0x00000000db000000)
  from space 9728K, 99% used [0x00000000dbd80000,0x00000000dc6fe750,0x00000000dc700000)
  to   space 13824K, 0% used [0x00000000db000000,0x00000000db000000,0x00000000dbd80000)
 ParOldGen       total 57344K, used 28477K [0x0000000080000000, 0x0000000083800000, 0x00000000d5580000)
  object space 57344K, 49% used [0x0000000080000000,0x0000000081bcf538,0x0000000083800000)
 Metaspace       used 56766K, capacity 59042K, committed 59160K, reserved 1099776K
  class space    used 7679K, capacity 8156K, committed 8240K, reserved 1048576K
Event: 20.599 GC heap after
Heap after GC invocations=19 (full 2):
 PSYoungGen      total 106496K, used 9351K [0x00000000d5580000, 0x00000000dde00000, 0x0000000100000000)
  eden space 92672K, 0% used [0x00000000d5580000,0x00000000d5580000,0x00000000db000000)
  from space 13824K, 67% used [0x00000000db000000,0x00000000db921c28,0x00000000dbd80000)
  to   space 14336K, 0% used [0x00000000dd000000,0x00000000dd000000,0x00000000dde00000)
 ParOldGen       total 57344K, used 34158K [0x0000000080000000, 0x0000000083800000, 0x00000000d5580000)
  object space 57344K, 59% used [0x0000000080000000,0x000000008215bb18,0x0000000083800000)
 Metaspace       used 56766K, capacity 59042K, committed 59160K, reserved 1099776K
  class space    used 7679K, capacity 8156K, committed 8240K, reserved 1048576K
}
Event: 20.600 GC heap before
{Heap before GC invocations=20 (full 3):
 PSYoungGen      total 106496K, used 9351K [0x00000000d5580000, 0x00000000dde00000, 0x0000000100000000)
  eden space 92672K, 0% used [0x00000000d5580000,0x00000000d5580000,0x00000000db000000)
  from space 13824K, 67% used [0x00000000db000000,0x00000000db921c28,0x00000000dbd80000)
  to   space 14336K, 0% used [0x00000000dd000000,0x00000000dd000000,0x00000000dde00000)
 ParOldGen       total 57344K, used 34158K [0x0000000080000000, 0x0000000083800000, 0x00000000d5580000)
  object space 57344K, 59% used [0x0000000080000000,0x000000008215bb18,0x0000000083800000)
 Metaspace       used 56766K, capacity 59042K, committed 59160K, reserved 1099776K
  class space    used 7679K, capacity 8156K, committed 8240K, reserved 1048576K
Event: 21.657 GC heap after
Heap after GC invocations=20 (full 3):
 PSYoungGen      total 106496K, used 0K [0x00000000d5580000, 0x00000000dde00000, 0x0000000100000000)
  eden space 92672K, 0% used [0x00000000d5580000,0x00000000d5580000,0x00000000db000000)
  from space 13824K, 0% used [0x00000000db000000,0x00000000db000000,0x00000000dbd80000)
  to   space 14336K, 0% used [0x00000000dd000000,0x00000000dd000000,0x00000000dde00000)
 ParOldGen       total 94720K, used 33418K [0x0000000080000000, 0x0000000085c80000, 0x00000000d5580000)
  object space 94720K, 35% used [0x0000000080000000,0x00000000820a28f8,0x0000000085c80000)
 Metaspace       used 56732K, capacity 58928K, committed 59160K, reserved 1099776K
  class space    used 7669K, capacity 8137K, committed 8240K, reserved 1048576K
}
Event: 27.716 GC heap before
{Heap before GC invocations=21 (full 3):
 PSYoungGen      total 106496K, used 92672K [0x00000000d5580000, 0x00000000dde00000, 0x0000000100000000)
  eden space 92672K, 100% used [0x00000000d5580000,0x00000000db000000,0x00000000db000000)
  from space 13824K, 0% used [0x00000000db000000,0x00000000db000000,0x00000000dbd80000)
  to   space 14336K, 0% used [0x00000000dd000000,0x00000000dd000000,0x00000000dde00000)
 ParOldGen       total 94720K, used 33418K [0x0000000080000000, 0x0000000085c80000, 0x00000000d5580000)
  object space 94720K, 35% used [0x0000000080000000,0x00000000820a28f8,0x0000000085c80000)
 Metaspace       used 62951K, capacity 65386K, committed 65560K, reserved 1105920K
  class space    used 8647K, capacity 9152K, committed 9264K, reserved 1048576K
Event: 27.834 GC heap after
Heap after GC invocations=21 (full 3):
 PSYoungGen      total 114688K, used 9776K [0x00000000d5580000, 0x00000000dda00000, 0x0000000100000000)
  eden space 104448K, 0% used [0x00000000d5580000,0x00000000d5580000,0x00000000dbb80000)
  from space 10240K, 95% used [0x00000000dd000000,0x00000000dd98c0a8,0x00000000dda00000)
  to   space 14848K, 0% used [0x00000000dbd00000,0x00000000dbd00000,0x00000000dcb80000)
 ParOldGen       total 94720K, used 33426K [0x0000000080000000, 0x0000000085c80000, 0x00000000d5580000)
  object space 94720K, 35% used [0x0000000080000000,0x00000000820a48f8,0x0000000085c80000)
 Metaspace       used 62951K, capacity 65386K, committed 65560K, reserved 1105920K
  class space    used 8647K, capacity 9152K, committed 9264K, reserved 1048576K
}

