# JRE version: OpenJDK Runtime Environment (8.0_242-b01) (build 1.8.0_242-release-1644-b01)
# Java VM: OpenJDK 64-Bit Server VM (25.242-b01 mixed mode windows-amd64 compressed oops)
Heap:
 PSYoungGen      total 357376K, used 248418K [0x00000000d5580000, 0x00000000ed480000, 0x0000000100000000)
  eden space 335872K, 68% used [0x00000000d5580000,0x00000000e3628470,0x00000000e9d80000)
  from space 21504K, 85% used [0x00000000ebf80000,0x00000000ed1703e0,0x00000000ed480000)
  to   space 26112K, 0% used [0x00000000ea180000,0x00000000ea180000,0x00000000ebb00000)
 ParOldGen       total 94208K, used 94081K [0x0000000080000000, 0x0000000085c00000, 0x00000000d5580000)
  object space 94208K, 99% used [0x0000000080000000,0x0000000085be05e8,0x0000000085c00000)
 Metaspace       used 86978K, capacity 91682K, committed 91800K, reserved 1128448K
  class space    used 11967K, capacity 12938K, committed 12976K, reserved 1048576K
GC Heap History (10 events):
Event: 10.560 GC heap before
{Heap before GC invocations=16 (full 3):
 PSYoungGen      total 246784K, used 256K [0x00000000d5580000, 0x00000000ed580000, 0x0000000100000000)
  eden space 224256K, 0% used [0x00000000d5580000,0x00000000d5580000,0x00000000e3080000)
  from space 22528K, 1% used [0x00000000e3080000,0x00000000e30c0000,0x00000000e4680000)
  to   space 22528K, 0% used [0x00000000ebf80000,0x00000000ebf80000,0x00000000ed580000)
 ParOldGen       total 49664K, used 40852K [0x0000000080000000, 0x0000000083080000, 0x00000000d5580000)
  object space 49664K, 82% used [0x0000000080000000,0x00000000827e5330,0x0000000083080000)
 Metaspace       used 56818K, capacity 59104K, committed 59160K, reserved 1099776K
  class space    used 7702K, capacity 8193K, committed 8240K, reserved 1048576K
Event: 10.754 GC heap after
Heap after GC invocations=16 (full 3):
 PSYoungGen      total 246784K, used 0K [0x00000000d5580000, 0x00000000ed580000, 0x0000000100000000)
  eden space 224256K, 0% used [0x00000000d5580000,0x00000000d5580000,0x00000000e3080000)
  from space 22528K, 0% used [0x00000000e3080000,0x00000000e3080000,0x00000000e4680000)
  to   space 22528K, 0% used [0x00000000ebf80000,0x00000000ebf80000,0x00000000ed580000)
 ParOldGen       total 74240K, used 30880K [0x0000000080000000, 0x0000000084880000, 0x00000000d5580000)
  object space 74240K, 41% used [0x0000000080000000,0x0000000081e28248,0x0000000084880000)
 Metaspace       used 56777K, capacity 58966K, committed 59160K, reserved 1099776K
  class space    used 7690K, capacity 8170K, committed 8240K, reserved 1048576K
}
Event: 14.143 GC heap before
{Heap before GC invocations=17 (full 3):
 PSYoungGen      total 246784K, used 224256K [0x00000000d5580000, 0x00000000ed580000, 0x0000000100000000)
  eden space 224256K, 100% used [0x00000000d5580000,0x00000000e3080000,0x00000000e3080000)
  from space 22528K, 0% used [0x00000000e3080000,0x00000000e3080000,0x00000000e4680000)
  to   space 22528K, 0% used [0x00000000ebf80000,0x00000000ebf80000,0x00000000ed580000)
 ParOldGen       total 74240K, used 30880K [0x0000000080000000, 0x0000000084880000, 0x00000000d5580000)
  object space 74240K, 41% used [0x0000000080000000,0x0000000081e28248,0x0000000084880000)
 Metaspace       used 67584K, capacity 70772K, committed 70936K, reserved 1110016K
  class space    used 9291K, capacity 9917K, committed 10032K, reserved 1048576K
Event: 14.161 GC heap after
Heap after GC invocations=17 (full 3):
 PSYoungGen      total 357376K, used 21091K [0x00000000d5580000, 0x00000000ed480000, 0x0000000100000000)
  eden space 335872K, 0% used [0x00000000d5580000,0x00000000d5580000,0x00000000e9d80000)
  from space 21504K, 98% used [0x00000000ebf80000,0x00000000ed418ff8,0x00000000ed480000)
  to   space 26112K, 0% used [0x00000000ea180000,0x00000000ea180000,0x00000000ebb00000)
 ParOldGen       total 74240K, used 30888K [0x0000000080000000, 0x0000000084880000, 0x00000000d5580000)
  object space 74240K, 41% used [0x0000000080000000,0x0000000081e2a248,0x0000000084880000)
 Metaspace       used 67584K, capacity 70772K, committed 70936K, reserved 1110016K
  class space    used 9291K, capacity 9917K, committed 10032K, reserved 1048576K
}
Event: 18.861 GC heap before
{Heap before GC invocations=18 (full 3):
 PSYoungGen      total 357376K, used 356963K [0x00000000d5580000, 0x00000000ed480000, 0x0000000100000000)
  eden space 335872K, 100% used [0x00000000d5580000,0x00000000e9d80000,0x00000000e9d80000)
  from space 21504K, 98% used [0x00000000ebf80000,0x00000000ed418ff8,0x00000000ed480000)
  to   space 26112K, 0% used [0x00000000ea180000,0x00000000ea180000,0x00000000ebb00000)
 ParOldGen       total 74240K, used 30888K [0x0000000080000000, 0x0000000084880000, 0x00000000d5580000)
  object space 74240K, 41% used [0x0000000080000000,0x0000000081e2a248,0x0000000084880000)
 Metaspace       used 77230K, capacity 80658K, committed 80920K, reserved 1120256K
  class space    used 10376K, capacity 11034K, committed 11056K, reserved 1048576K
Event: 18.907 GC heap after
Heap after GC invocations=18 (full 3):
 PSYoungGen      total 361984K, used 15340K [0x00000000d5580000, 0x00000000ed480000, 0x0000000100000000)
  eden space 335872K, 0% used [0x00000000d5580000,0x00000000d5580000,0x00000000e9d80000)
  from space 26112K, 58% used [0x00000000ea180000,0x00000000eb07b008,0x00000000ebb00000)
  to   space 21504K, 0% used [0x00000000ebf80000,0x00000000ebf80000,0x00000000ed480000)
 ParOldGen       total 74240K, used 43490K [0x0000000080000000, 0x0000000084880000, 0x00000000d5580000)
  object space 74240K, 58% used [0x0000000080000000,0x0000000082a78a00,0x0000000084880000)
 Metaspace       used 77230K, capacity 80658K, committed 80920K, reserved 1120256K
  class space    used 10376K, capacity 11034K, committed 11056K, reserved 1048576K
}
Event: 21.047 GC heap before
{Heap before GC invocations=19 (full 3):
 PSYoungGen      total 361984K, used 351212K [0x00000000d5580000, 0x00000000ed480000, 0x0000000100000000)
  eden space 335872K, 100% used [0x00000000d5580000,0x00000000e9d80000,0x00000000e9d80000)
  from space 26112K, 58% used [0x00000000ea180000,0x00000000eb07b008,0x00000000ebb00000)
  to   space 21504K, 0% used [0x00000000ebf80000,0x00000000ebf80000,0x00000000ed480000)
 ParOldGen       total 74240K, used 43490K [0x0000000080000000, 0x0000000084880000, 0x00000000d5580000)
  object space 74240K, 58% used [0x0000000080000000,0x0000000082a78a00,0x0000000084880000)
 Metaspace       used 82068K, capacity 86108K, committed 86296K, reserved 1124352K
  class space    used 11042K, capacity 11789K, committed 11824K, reserved 1048576K
Event: 21.120 GC heap after
Heap after GC invocations=19 (full 3):
 PSYoungGen      total 357376K, used 21491K [0x00000000d5580000, 0x00000000ed480000, 0x0000000100000000)
  eden space 335872K, 0% used [0x00000000d5580000,0x00000000d5580000,0x00000000e9d80000)
  from space 21504K, 99% used [0x00000000ebf80000,0x00000000ed47cdd0,0x00000000ed480000)
  to   space 26112K, 0% used [0x00000000ea180000,0x00000000ea180000,0x00000000ebb00000)
 ParOldGen       total 94208K, used 94049K [0x0000000080000000, 0x0000000085c00000, 0x00000000d5580000)
  object space 94208K, 99% used [0x0000000080000000,0x0000000085bd8520,0x0000000085c00000)
 Metaspace       used 82068K, capacity 86108K, committed 86296K, reserved 1124352K
  class space    used 11042K, capacity 11789K, committed 11824K, reserved 1048576K
}
Event: 21.120 GC heap before
{Heap before GC invocations=20 (full 4):
 PSYoungGen      total 357376K, used 21491K [0x00000000d5580000, 0x00000000ed480000, 0x0000000100000000)
  eden space 335872K, 0% used [0x00000000d5580000,0x00000000d5580000,0x00000000e9d80000)
  from space 21504K, 99% used [0x00000000ebf80000,0x00000000ed47cdd0,0x00000000ed480000)
  to   space 26112K, 0% used [0x00000000ea180000,0x00000000ea180000,0x00000000ebb00000)
 ParOldGen       total 94208K, used 94049K [0x0000000080000000, 0x0000000085c00000, 0x00000000d5580000)
  object space 94208K, 99% used [0x0000000080000000,0x0000000085bd8520,0x0000000085c00000)
 Metaspace       used 82068K, capacity 86108K, committed 86296K, reserved 1124352K
  class space    used 11042K, capacity 11789K, committed 11824K, reserved 1048576K
Event: 22.004 GC heap after
Heap after GC invocations=20 (full 4):
 PSYoungGen      total 357376K, used 18368K [0x00000000d5580000, 0x00000000ed480000, 0x0000000100000000)
  eden space 335872K, 0% used [0x00000000d5580000,0x00000000d5580000,0x00000000e9d80000)
  from space 21504K, 85% used [0x00000000ebf80000,0x00000000ed1703e0,0x00000000ed480000)
  to   space 26112K, 0% used [0x00000000ea180000,0x00000000ea180000,0x00000000ebb00000)
 ParOldGen       total 94208K, used 94081K [0x0000000080000000, 0x0000000085c00000, 0x00000000d5580000)
  object space 94208K, 99% used [0x0000000080000000,0x0000000085be05e8,0x0000000085c00000)
 Metaspace       used 81781K, capacity 85290K, committed 86296K, reserved 1124352K
  class space    used 10946K, capacity 11620K, committed 11824K, reserved 1048576K
}

