# JRE version: OpenJDK Runtime Environment (8.0_242-b01) (build 1.8.0_242-release-1644-b01)
# Java VM: OpenJDK 64-Bit Server VM (25.242-b01 mixed mode windows-amd64 compressed oops)
Heap:
 PSYoungGen      total 330240K, used 51304K [0x00000000d5580000, 0x00000000ec880000, 0x0000000100000000)
  eden space 283648K, 3% used [0x00000000d5580000,0x00000000d5ee35a0,0x00000000e6a80000)
  from space 46592K, 89% used [0x00000000e6a80000,0x00000000e9336c90,0x00000000e9800000)
  to   space 44544K, 0% used [0x00000000e9800000,0x00000000e9800000,0x00000000ec380000)
 ParOldGen       total 254976K, used 148538K [0x0000000080000000, 0x000000008f900000, 0x00000000d5580000)
  object space 254976K, 58% used [0x0000000080000000,0x000000008910eae0,0x000000008f900000)
 Metaspace       used 89338K, capacity 93834K, committed 94360K, reserved 1130496K
  class space    used 11953K, capacity 12798K, committed 12976K, reserved 1048576K
GC Heap History (10 events):
Event: 49.003 GC heap before
{Heap before GC invocations=28 (full 5):
 PSYoungGen      total 257536K, used 250041K [0x00000000d5580000, 0x00000000e9d80000, 0x0000000100000000)
  eden space 239616K, 100% used [0x00000000d5580000,0x00000000e3f80000,0x00000000e3f80000)
  from space 17920K, 58% used [0x00000000e8c00000,0x00000000e962e630,0x00000000e9d80000)
  to   space 48128K, 0% used [0x00000000e3f80000,0x00000000e3f80000,0x00000000e6e80000)
 ParOldGen       total 254976K, used 148506K [0x0000000080000000, 0x000000008f900000, 0x00000000d5580000)
  object space 254976K, 58% used [0x0000000080000000,0x0000000089106ae0,0x000000008f900000)
 Metaspace       used 88426K, capacity 92598K, committed 93592K, reserved 1130496K
  class space    used 11851K, capacity 12650K, committed 12976K, reserved 1048576K
Event: 49.027 GC heap after
Heap after GC invocations=28 (full 5):
 PSYoungGen      total 287744K, used 15019K [0x00000000d5580000, 0x00000000eab80000, 0x0000000100000000)
  eden space 239616K, 0% used [0x00000000d5580000,0x00000000d5580000,0x00000000e3f80000)
  from space 48128K, 31% used [0x00000000e3f80000,0x00000000e4e2ac68,0x00000000e6e80000)
  to   space 45568K, 0% used [0x00000000e7f00000,0x00000000e7f00000,0x00000000eab80000)
 ParOldGen       total 254976K, used 148514K [0x0000000080000000, 0x000000008f900000, 0x00000000d5580000)
  object space 254976K, 58% used [0x0000000080000000,0x0000000089108ae0,0x000000008f900000)
 Metaspace       used 88426K, capacity 92598K, committed 93592K, reserved 1130496K
  class space    used 11851K, capacity 12650K, committed 12976K, reserved 1048576K
}
Event: 50.427 GC heap before
{Heap before GC invocations=29 (full 5):
 PSYoungGen      total 287744K, used 254635K [0x00000000d5580000, 0x00000000eab80000, 0x0000000100000000)
  eden space 239616K, 100% used [0x00000000d5580000,0x00000000e3f80000,0x00000000e3f80000)
  from space 48128K, 31% used [0x00000000e3f80000,0x00000000e4e2ac68,0x00000000e6e80000)
  to   space 45568K, 0% used [0x00000000e7f00000,0x00000000e7f00000,0x00000000eab80000)
 ParOldGen       total 254976K, used 148514K [0x0000000080000000, 0x000000008f900000, 0x00000000d5580000)
  object space 254976K, 58% used [0x0000000080000000,0x0000000089108ae0,0x000000008f900000)
 Metaspace       used 89184K, capacity 93612K, committed 94104K, reserved 1130496K
  class space    used 11940K, capacity 12757K, committed 12976K, reserved 1048576K
Event: 50.537 GC heap after
Heap after GC invocations=29 (full 5):
 PSYoungGen      total 306688K, used 19765K [0x00000000d5580000, 0x00000000ead80000, 0x0000000100000000)
  eden space 261120K, 0% used [0x00000000d5580000,0x00000000d5580000,0x00000000e5480000)
  from space 45568K, 43% used [0x00000000e7f00000,0x00000000e924d6e0,0x00000000eab80000)
  to   space 43520K, 0% used [0x00000000e5480000,0x00000000e5480000,0x00000000e7f00000)
 ParOldGen       total 254976K, used 148522K [0x0000000080000000, 0x000000008f900000, 0x00000000d5580000)
  object space 254976K, 58% used [0x0000000080000000,0x000000008910aae0,0x000000008f900000)
 Metaspace       used 89184K, capacity 93612K, committed 94104K, reserved 1130496K
  class space    used 11940K, capacity 12757K, committed 12976K, reserved 1048576K
}
Event: 51.842 GC heap before
{Heap before GC invocations=30 (full 5):
 PSYoungGen      total 306688K, used 280885K [0x00000000d5580000, 0x00000000ead80000, 0x0000000100000000)
  eden space 261120K, 100% used [0x00000000d5580000,0x00000000e5480000,0x00000000e5480000)
  from space 45568K, 43% used [0x00000000e7f00000,0x00000000e924d6e0,0x00000000eab80000)
  to   space 43520K, 0% used [0x00000000e5480000,0x00000000e5480000,0x00000000e7f00000)
 ParOldGen       total 254976K, used 148522K [0x0000000080000000, 0x000000008f900000, 0x00000000d5580000)
  object space 254976K, 58% used [0x0000000080000000,0x000000008910aae0,0x000000008f900000)
 Metaspace       used 89245K, capacity 93708K, committed 94104K, reserved 1130496K
  class space    used 11943K, capacity 12763K, committed 12976K, reserved 1048576K
Event: 51.961 GC heap after
Heap after GC invocations=30 (full 5):
 PSYoungGen      total 304640K, used 27042K [0x00000000d5580000, 0x00000000ec380000, 0x0000000100000000)
  eden space 261120K, 0% used [0x00000000d5580000,0x00000000d5580000,0x00000000e5480000)
  from space 43520K, 62% used [0x00000000e5480000,0x00000000e6ee8940,0x00000000e7f00000)
  to   space 44544K, 0% used [0x00000000e9800000,0x00000000e9800000,0x00000000ec380000)
 ParOldGen       total 254976K, used 148530K [0x0000000080000000, 0x000000008f900000, 0x00000000d5580000)
  object space 254976K, 58% used [0x0000000080000000,0x000000008910cae0,0x000000008f900000)
 Metaspace       used 89245K, capacity 93708K, committed 94104K, reserved 1130496K
  class space    used 11943K, capacity 12763K, committed 12976K, reserved 1048576K
}
Event: 53.309 GC heap before
{Heap before GC invocations=31 (full 5):
 PSYoungGen      total 304640K, used 288162K [0x00000000d5580000, 0x00000000ec380000, 0x0000000100000000)
  eden space 261120K, 100% used [0x00000000d5580000,0x00000000e5480000,0x00000000e5480000)
  from space 43520K, 62% used [0x00000000e5480000,0x00000000e6ee8940,0x00000000e7f00000)
  to   space 44544K, 0% used [0x00000000e9800000,0x00000000e9800000,0x00000000ec380000)
 ParOldGen       total 254976K, used 148530K [0x0000000080000000, 0x000000008f900000, 0x00000000d5580000)
  object space 254976K, 58% used [0x0000000080000000,0x000000008910cae0,0x000000008f900000)
 Metaspace       used 89320K, capacity 93822K, committed 94360K, reserved 1130496K
  class space    used 11953K, capacity 12798K, committed 12976K, reserved 1048576K
Event: 53.396 GC heap after
Heap after GC invocations=31 (full 5):
 PSYoungGen      total 328192K, used 30622K [0x00000000d5580000, 0x00000000ec880000, 0x0000000100000000)
  eden space 283648K, 0% used [0x00000000d5580000,0x00000000d5580000,0x00000000e6a80000)
  from space 44544K, 68% used [0x00000000e9800000,0x00000000eb5e7818,0x00000000ec380000)
  to   space 46592K, 0% used [0x00000000e6a80000,0x00000000e6a80000,0x00000000e9800000)
 ParOldGen       total 254976K, used 148530K [0x0000000080000000, 0x000000008f900000, 0x00000000d5580000)
  object space 254976K, 58% used [0x0000000080000000,0x000000008910cae0,0x000000008f900000)
 Metaspace       used 89320K, capacity 93822K, committed 94360K, reserved 1130496K
  class space    used 11953K, capacity 12798K, committed 12976K, reserved 1048576K
}
Event: 54.905 GC heap before
{Heap before GC invocations=32 (full 5):
 PSYoungGen      total 328192K, used 314270K [0x00000000d5580000, 0x00000000ec880000, 0x0000000100000000)
  eden space 283648K, 100% used [0x00000000d5580000,0x00000000e6a80000,0x00000000e6a80000)
  from space 44544K, 68% used [0x00000000e9800000,0x00000000eb5e7818,0x00000000ec380000)
  to   space 46592K, 0% used [0x00000000e6a80000,0x00000000e6a80000,0x00000000e9800000)
 ParOldGen       total 254976K, used 148530K [0x0000000080000000, 0x000000008f900000, 0x00000000d5580000)
  object space 254976K, 58% used [0x0000000080000000,0x000000008910cae0,0x000000008f900000)
 Metaspace       used 89338K, capacity 93834K, committed 94360K, reserved 1130496K
  class space    used 11953K, capacity 12798K, committed 12976K, reserved 1048576K
Event: 54.969 GC heap after
Heap after GC invocations=32 (full 5):
 PSYoungGen      total 330240K, used 41691K [0x00000000d5580000, 0x00000000ec880000, 0x0000000100000000)
  eden space 283648K, 0% used [0x00000000d5580000,0x00000000d5580000,0x00000000e6a80000)
  from space 46592K, 89% used [0x00000000e6a80000,0x00000000e9336c90,0x00000000e9800000)
  to   space 44544K, 0% used [0x00000000e9800000,0x00000000e9800000,0x00000000ec380000)
 ParOldGen       total 254976K, used 148538K [0x0000000080000000, 0x000000008f900000, 0x00000000d5580000)
  object space 254976K, 58% used [0x0000000080000000,0x000000008910eae0,0x000000008f900000)
 Metaspace       used 89338K, capacity 93834K, committed 94360K, reserved 1130496K
  class space    used 11953K, capacity 12798K, committed 12976K, reserved 1048576K
}

