# JRE version: OpenJDK Runtime Environment (8.0_242-b01) (build 1.8.0_242-release-1644-b01)
# Java VM: OpenJDK 64-Bit Server VM (25.242-b01 mixed mode windows-amd64 compressed oops)
Heap:
 PSYoungGen      total 345600K, used 343197K [0x00000000d5580000, 0x00000000f3b80000, 0x0000000100000000)
  eden space 320512K, 99% used [0x00000000d5580000,0x00000000e8c2ee68,0x00000000e8e80000)
  from space 25088K, 99% used [0x00000000e8e80000,0x00000000ea6f87a8,0x00000000ea700000)
  to   space 34816K, 0% used [0x00000000f1980000,0x00000000f1980000,0x00000000f3b80000)
 ParOldGen       total 78336K, used 46155K [0x0000000080000000, 0x0000000084c80000, 0x00000000d5580000)
  object space 78336K, 58% used [0x0000000080000000,0x0000000082d12fa0,0x0000000084c80000)
 Metaspace       used 92874K, capacity 97744K, committed 97880K, reserved 1134592K
  class space    used 12382K, capacity 13343K, committed 13400K, reserved 1048576K
GC Heap History (10 events):
Event: 21.626 GC heap before
{Heap before GC invocations=14 (full 2):
 PSYoungGen      total 187904K, used 187886K [0x00000000d5580000, 0x00000000e5000000, 0x0000000100000000)
  eden space 175616K, 100% used [0x00000000d5580000,0x00000000e0100000,0x00000000e0100000)
  from space 12288K, 99% used [0x00000000e0100000,0x00000000e0cfbb38,0x00000000e0d00000)
  to   space 14336K, 0% used [0x00000000e4200000,0x00000000e4200000,0x00000000e5000000)
 ParOldGen       total 50688K, used 15989K [0x0000000080000000, 0x0000000083180000, 0x00000000d5580000)
  object space 50688K, 31% used [0x0000000080000000,0x0000000080f9d748,0x0000000083180000)
 Metaspace       used 56324K, capacity 58860K, committed 59008K, reserved 1099776K
  class space    used 7513K, capacity 8032K, committed 8064K, reserved 1048576K
Event: 21.663 GC heap after
Heap after GC invocations=14 (full 2):
 PSYoungGen      total 235008K, used 14306K [0x00000000d5580000, 0x00000000e5a80000, 0x0000000100000000)
  eden space 220672K, 0% used [0x00000000d5580000,0x00000000d5580000,0x00000000e2d00000)
  from space 14336K, 99% used [0x00000000e4200000,0x00000000e4ff8bb0,0x00000000e5000000)
  to   space 21504K, 0% used [0x00000000e2d00000,0x00000000e2d00000,0x00000000e4200000)
 ParOldGen       total 50688K, used 29667K [0x0000000080000000, 0x0000000083180000, 0x00000000d5580000)
  object space 50688K, 58% used [0x0000000080000000,0x0000000081cf8f10,0x0000000083180000)
 Metaspace       used 56324K, capacity 58860K, committed 59008K, reserved 1099776K
  class space    used 7513K, capacity 8032K, committed 8064K, reserved 1048576K
}
Event: 21.717 GC heap before
{Heap before GC invocations=15 (full 2):
 PSYoungGen      total 235008K, used 18368K [0x00000000d5580000, 0x00000000e5a80000, 0x0000000100000000)
  eden space 220672K, 1% used [0x00000000d5580000,0x00000000d5977530,0x00000000e2d00000)
  from space 14336K, 99% used [0x00000000e4200000,0x00000000e4ff8bb0,0x00000000e5000000)
  to   space 21504K, 0% used [0x00000000e2d00000,0x00000000e2d00000,0x00000000e4200000)
 ParOldGen       total 50688K, used 29667K [0x0000000080000000, 0x0000000083180000, 0x00000000d5580000)
  object space 50688K, 58% used [0x0000000080000000,0x0000000081cf8f10,0x0000000083180000)
 Metaspace       used 56474K, capacity 58962K, committed 59096K, reserved 1099776K
  class space    used 7542K, capacity 8067K, committed 8152K, reserved 1048576K
Event: 21.734 GC heap after
Heap after GC invocations=15 (full 2):
 PSYoungGen      total 242176K, used 306K [0x00000000d5580000, 0x00000000ec100000, 0x0000000100000000)
  eden space 220672K, 0% used [0x00000000d5580000,0x00000000d5580000,0x00000000e2d00000)
  from space 21504K, 1% used [0x00000000e2d00000,0x00000000e2d4c900,0x00000000e4200000)
  to   space 22016K, 0% used [0x00000000eab80000,0x00000000eab80000,0x00000000ec100000)
 ParOldGen       total 50688K, used 40544K [0x0000000080000000, 0x0000000083180000, 0x00000000d5580000)
  object space 50688K, 79% used [0x0000000080000000,0x0000000082798370,0x0000000083180000)
 Metaspace       used 56474K, capacity 58962K, committed 59096K, reserved 1099776K
  class space    used 7542K, capacity 8067K, committed 8152K, reserved 1048576K
}
Event: 21.734 GC heap before
{Heap before GC invocations=16 (full 3):
 PSYoungGen      total 242176K, used 306K [0x00000000d5580000, 0x00000000ec100000, 0x0000000100000000)
  eden space 220672K, 0% used [0x00000000d5580000,0x00000000d5580000,0x00000000e2d00000)
  from space 21504K, 1% used [0x00000000e2d00000,0x00000000e2d4c900,0x00000000e4200000)
  to   space 22016K, 0% used [0x00000000eab80000,0x00000000eab80000,0x00000000ec100000)
 ParOldGen       total 50688K, used 40544K [0x0000000080000000, 0x0000000083180000, 0x00000000d5580000)
  object space 50688K, 79% used [0x0000000080000000,0x0000000082798370,0x0000000083180000)
 Metaspace       used 56474K, capacity 58962K, committed 59096K, reserved 1099776K
  class space    used 7542K, capacity 8067K, committed 8152K, reserved 1048576K
Event: 22.177 GC heap after
Heap after GC invocations=16 (full 3):
 PSYoungGen      total 242176K, used 0K [0x00000000d5580000, 0x00000000ec100000, 0x0000000100000000)
  eden space 220672K, 0% used [0x00000000d5580000,0x00000000d5580000,0x00000000e2d00000)
  from space 21504K, 0% used [0x00000000e2d00000,0x00000000e2d00000,0x00000000e4200000)
  to   space 22016K, 0% used [0x00000000eab80000,0x00000000eab80000,0x00000000ec100000)
 ParOldGen       total 78336K, used 31349K [0x0000000080000000, 0x0000000084c80000, 0x00000000d5580000)
  object space 78336K, 40% used [0x0000000080000000,0x0000000081e9d480,0x0000000084c80000)
 Metaspace       used 56428K, capacity 58806K, committed 59096K, reserved 1099776K
  class space    used 7528K, capacity 8041K, committed 8152K, reserved 1048576K
}
Event: 28.492 GC heap before
{Heap before GC invocations=17 (full 3):
 PSYoungGen      total 242176K, used 220672K [0x00000000d5580000, 0x00000000ec100000, 0x0000000100000000)
  eden space 220672K, 100% used [0x00000000d5580000,0x00000000e2d00000,0x00000000e2d00000)
  from space 21504K, 0% used [0x00000000e2d00000,0x00000000e2d00000,0x00000000e4200000)
  to   space 22016K, 0% used [0x00000000eab80000,0x00000000eab80000,0x00000000ec100000)
 ParOldGen       total 78336K, used 31349K [0x0000000080000000, 0x0000000084c80000, 0x00000000d5580000)
  object space 78336K, 40% used [0x0000000080000000,0x0000000081e9d480,0x0000000084c80000)
 Metaspace       used 70288K, capacity 73252K, committed 73304K, reserved 1112064K
  class space    used 9687K, capacity 10300K, committed 10328K, reserved 1048576K
Event: 28.556 GC heap after
Heap after GC invocations=17 (full 3):
 PSYoungGen      total 331264K, used 20441K [0x00000000d5580000, 0x00000000ebf80000, 0x0000000100000000)
  eden space 310784K, 0% used [0x00000000d5580000,0x00000000d5580000,0x00000000e8500000)
  from space 20480K, 99% used [0x00000000eab80000,0x00000000ebf76738,0x00000000ebf80000)
  to   space 25088K, 0% used [0x00000000e8e80000,0x00000000e8e80000,0x00000000ea700000)
 ParOldGen       total 78336K, used 31357K [0x0000000080000000, 0x0000000084c80000, 0x00000000d5580000)
  object space 78336K, 40% used [0x0000000080000000,0x0000000081e9f480,0x0000000084c80000)
 Metaspace       used 70288K, capacity 73252K, committed 73304K, reserved 1112064K
  class space    used 9687K, capacity 10300K, committed 10328K, reserved 1048576K
}
Event: 37.033 GC heap before
{Heap before GC invocations=18 (full 3):
 PSYoungGen      total 331264K, used 331225K [0x00000000d5580000, 0x00000000ebf80000, 0x0000000100000000)
  eden space 310784K, 100% used [0x00000000d5580000,0x00000000e8500000,0x00000000e8500000)
  from space 20480K, 99% used [0x00000000eab80000,0x00000000ebf76738,0x00000000ebf80000)
  to   space 25088K, 0% used [0x00000000e8e80000,0x00000000e8e80000,0x00000000ea700000)
 ParOldGen       total 78336K, used 31357K [0x0000000080000000, 0x0000000084c80000, 0x00000000d5580000)
  object space 78336K, 40% used [0x0000000080000000,0x0000000081e9f480,0x0000000084c80000)
 Metaspace       used 86049K, capacity 90422K, committed 90712K, reserved 1128448K
  class space    used 11746K, capacity 12580K, committed 12632K, reserved 1048576K
Event: 37.123 GC heap after
Heap after GC invocations=18 (full 3):
 PSYoungGen      total 345600K, used 25057K [0x00000000d5580000, 0x00000000f3b80000, 0x0000000100000000)
  eden space 320512K, 0% used [0x00000000d5580000,0x00000000d5580000,0x00000000e8e80000)
  from space 25088K, 99% used [0x00000000e8e80000,0x00000000ea6f87a8,0x00000000ea700000)
  to   space 34816K, 0% used [0x00000000f1980000,0x00000000f1980000,0x00000000f3b80000)
 ParOldGen       total 78336K, used 46155K [0x0000000080000000, 0x0000000084c80000, 0x00000000d5580000)
  object space 78336K, 58% used [0x0000000080000000,0x0000000082d12fa0,0x0000000084c80000)
 Metaspace       used 86049K, capacity 90422K, committed 90712K, reserved 1128448K
  class space    used 11746K, capacity 12580K, committed 12632K, reserved 1048576K
}

