# JRE version: OpenJDK Runtime Environment (8.0_242-b01) (build 1.8.0_242-release-1644-b01)
# Java VM: OpenJDK 64-Bit Server VM (25.242-b01 mixed mode windows-amd64 compressed oops)
Heap:
 PSYoungGen      total 374784K, used 283058K [0x00000000d5580000, 0x00000000f2080000, 0x0000000100000000)
  eden space 331264K, 85% used [0x00000000d5580000,0x00000000e69ec880,0x00000000e9900000)
  from space 43520K, 0% used [0x00000000e9900000,0x00000000e9900000,0x00000000ec380000)
  to   space 43008K, 0% used [0x00000000ef680000,0x00000000ef680000,0x00000000f2080000)
 ParOldGen       total 161280K, used 88708K [0x0000000080000000, 0x0000000089d80000, 0x00000000d5580000)
  object space 161280K, 55% used [0x0000000080000000,0x00000000856a12c0,0x0000000089d80000)
 Metaspace       used 113189K, capacity 119754K, committed 120024K, reserved 1153024K
  class space    used 14877K, capacity 16110K, committed 16128K, reserved 1048576K
GC Heap History (10 events):
Event: 36.361 GC heap before
{Heap before GC invocations=22 (full 4):
 PSYoungGen      total 319488K, used 4734K [0x00000000d5580000, 0x00000000eb080000, 0x0000000100000000)
  eden space 290816K, 0% used [0x00000000d5580000,0x00000000d5580000,0x00000000e7180000)
  from space 28672K, 16% used [0x00000000e8c80000,0x00000000e911f9c8,0x00000000ea880000)
  to   space 27648K, 0% used [0x00000000e7180000,0x00000000e7180000,0x00000000e8c80000)
 ParOldGen       total 72192K, used 62602K [0x0000000080000000, 0x0000000084680000, 0x00000000d5580000)
  object space 72192K, 86% used [0x0000000080000000,0x0000000083d22a30,0x0000000084680000)
 Metaspace       used 81291K, capacity 85436K, committed 85720K, reserved 1124352K
  class space    used 10969K, capacity 11743K, committed 11776K, reserved 1048576K
Event: 36.859 GC heap after
Heap after GC invocations=22 (full 4):
 PSYoungGen      total 319488K, used 0K [0x00000000d5580000, 0x00000000eb080000, 0x0000000100000000)
  eden space 290816K, 0% used [0x00000000d5580000,0x00000000d5580000,0x00000000e7180000)
  from space 28672K, 0% used [0x00000000e8c80000,0x00000000e8c80000,0x00000000ea880000)
  to   space 27648K, 0% used [0x00000000e7180000,0x00000000e7180000,0x00000000e8c80000)
 ParOldGen       total 110592K, used 58369K [0x0000000080000000, 0x0000000086c00000, 0x00000000d5580000)
  object space 110592K, 52% used [0x0000000080000000,0x0000000083900430,0x0000000086c00000)
 Metaspace       used 80971K, capacity 84490K, committed 85720K, reserved 1124352K
  class space    used 10868K, capacity 11540K, committed 11776K, reserved 1048576K
}
Event: 1278.099 GC heap before
{Heap before GC invocations=23 (full 4):
 PSYoungGen      total 319488K, used 290816K [0x00000000d5580000, 0x00000000eb080000, 0x0000000100000000)
  eden space 290816K, 100% used [0x00000000d5580000,0x00000000e7180000,0x00000000e7180000)
  from space 28672K, 0% used [0x00000000e8c80000,0x00000000e8c80000,0x00000000ea880000)
  to   space 27648K, 0% used [0x00000000e7180000,0x00000000e7180000,0x00000000e8c80000)
 ParOldGen       total 110592K, used 58369K [0x0000000080000000, 0x0000000086c00000, 0x00000000d5580000)
  object space 110592K, 52% used [0x0000000080000000,0x0000000083900430,0x0000000086c00000)
 Metaspace       used 95476K, capacity 100064K, committed 100312K, reserved 1136640K
  class space    used 12573K, capacity 13519K, committed 13568K, reserved 1048576K
Event: 1279.690 GC heap after
Heap after GC invocations=23 (full 4):
 PSYoungGen      total 318464K, used 25477K [0x00000000d5580000, 0x00000000ee280000, 0x0000000100000000)
  eden space 290816K, 0% used [0x00000000d5580000,0x00000000d5580000,0x00000000e7180000)
  from space 27648K, 92% used [0x00000000e7180000,0x00000000e8a617a0,0x00000000e8c80000)
  to   space 31744K, 0% used [0x00000000ec380000,0x00000000ec380000,0x00000000ee280000)
 ParOldGen       total 110592K, used 58377K [0x0000000080000000, 0x0000000086c00000, 0x00000000d5580000)
  object space 110592K, 52% used [0x0000000080000000,0x0000000083902430,0x0000000086c00000)
 Metaspace       used 95476K, capacity 100064K, committed 100312K, reserved 1136640K
  class space    used 12573K, capacity 13519K, committed 13568K, reserved 1048576K
}
Event: 1292.711 GC heap before
{Heap before GC invocations=24 (full 4):
 PSYoungGen      total 318464K, used 316293K [0x00000000d5580000, 0x00000000ee280000, 0x0000000100000000)
  eden space 290816K, 100% used [0x00000000d5580000,0x00000000e7180000,0x00000000e7180000)
  from space 27648K, 92% used [0x00000000e7180000,0x00000000e8a617a0,0x00000000e8c80000)
  to   space 31744K, 0% used [0x00000000ec380000,0x00000000ec380000,0x00000000ee280000)
 ParOldGen       total 110592K, used 58377K [0x0000000080000000, 0x0000000086c00000, 0x00000000d5580000)
  object space 110592K, 52% used [0x0000000080000000,0x0000000083902430,0x0000000086c00000)
 Metaspace       used 102549K, capacity 107252K, committed 107480K, reserved 1142784K
  class space    used 13346K, capacity 14335K, committed 14336K, reserved 1048576K
Event: 1292.955 GC heap after
Heap after GC invocations=24 (full 4):
 PSYoungGen      total 363008K, used 31735K [0x00000000d5580000, 0x00000000ef880000, 0x0000000100000000)
  eden space 331264K, 0% used [0x00000000d5580000,0x00000000d5580000,0x00000000e9900000)
  from space 31744K, 99% used [0x00000000ec380000,0x00000000ee27df08,0x00000000ee280000)
  to   space 43520K, 0% used [0x00000000e9900000,0x00000000e9900000,0x00000000ec380000)
 ParOldGen       total 110592K, used 75696K [0x0000000080000000, 0x0000000086c00000, 0x00000000d5580000)
  object space 110592K, 68% used [0x0000000080000000,0x00000000849ec008,0x0000000086c00000)
 Metaspace       used 102549K, capacity 107252K, committed 107480K, reserved 1142784K
  class space    used 13346K, capacity 14335K, committed 14336K, reserved 1048576K
}
Event: 1304.114 GC heap before
{Heap before GC invocations=25 (full 4):
 PSYoungGen      total 363008K, used 362999K [0x00000000d5580000, 0x00000000ef880000, 0x0000000100000000)
  eden space 331264K, 100% used [0x00000000d5580000,0x00000000e9900000,0x00000000e9900000)
  from space 31744K, 99% used [0x00000000ec380000,0x00000000ee27df08,0x00000000ee280000)
  to   space 43520K, 0% used [0x00000000e9900000,0x00000000e9900000,0x00000000ec380000)
 ParOldGen       total 110592K, used 75707K [0x0000000080000000, 0x0000000086c00000, 0x00000000d5580000)
  object space 110592K, 68% used [0x0000000080000000,0x00000000849eee78,0x0000000086c00000)
 Metaspace       used 105701K, capacity 110754K, committed 111064K, reserved 1144832K
  class space    used 13718K, capacity 14722K, committed 14848K, reserved 1048576K
Event: 1304.203 GC heap after
Heap after GC invocations=25 (full 4):
 PSYoungGen      total 374784K, used 21636K [0x00000000d5580000, 0x00000000f2080000, 0x0000000100000000)
  eden space 331264K, 0% used [0x00000000d5580000,0x00000000d5580000,0x00000000e9900000)
  from space 43520K, 49% used [0x00000000e9900000,0x00000000eae21318,0x00000000ec380000)
  to   space 43008K, 0% used [0x00000000ef680000,0x00000000ef680000,0x00000000f2080000)
 ParOldGen       total 110592K, used 105245K [0x0000000080000000, 0x0000000086c00000, 0x00000000d5580000)
  object space 110592K, 95% used [0x0000000080000000,0x00000000866c75d0,0x0000000086c00000)
 Metaspace       used 105701K, capacity 110754K, committed 111064K, reserved 1144832K
  class space    used 13718K, capacity 14722K, committed 14848K, reserved 1048576K
}
Event: 1304.204 GC heap before
{Heap before GC invocations=26 (full 5):
 PSYoungGen      total 374784K, used 21636K [0x00000000d5580000, 0x00000000f2080000, 0x0000000100000000)
  eden space 331264K, 0% used [0x00000000d5580000,0x00000000d5580000,0x00000000e9900000)
  from space 43520K, 49% used [0x00000000e9900000,0x00000000eae21318,0x00000000ec380000)
  to   space 43008K, 0% used [0x00000000ef680000,0x00000000ef680000,0x00000000f2080000)
 ParOldGen       total 110592K, used 105245K [0x0000000080000000, 0x0000000086c00000, 0x00000000d5580000)
  object space 110592K, 95% used [0x0000000080000000,0x00000000866c75d0,0x0000000086c00000)
 Metaspace       used 105701K, capacity 110754K, committed 111064K, reserved 1144832K
  class space    used 13718K, capacity 14722K, committed 14848K, reserved 1048576K
Event: 1306.367 GC heap after
Heap after GC invocations=26 (full 5):
 PSYoungGen      total 374784K, used 0K [0x00000000d5580000, 0x00000000f2080000, 0x0000000100000000)
  eden space 331264K, 0% used [0x00000000d5580000,0x00000000d5580000,0x00000000e9900000)
  from space 43520K, 0% used [0x00000000e9900000,0x00000000e9900000,0x00000000ec380000)
  to   space 43008K, 0% used [0x00000000ef680000,0x00000000ef680000,0x00000000f2080000)
 ParOldGen       total 161280K, used 88708K [0x0000000080000000, 0x0000000089d80000, 0x00000000d5580000)
  object space 161280K, 55% used [0x0000000080000000,0x00000000856a12c0,0x0000000089d80000)
 Metaspace       used 105693K, capacity 110736K, committed 111064K, reserved 1144832K
  class space    used 13716K, capacity 14719K, committed 14848K, reserved 1048576K
}

