# JRE version: OpenJDK Runtime Environment (8.0_242-b01) (build 1.8.0_242-release-1644-b01)
# Java VM: OpenJDK 64-Bit Server VM (25.242-b01 mixed mode windows-amd64 compressed oops)
Heap:
 PSYoungGen      total 433664K, used 182418K [0x00000000d5580000, 0x00000000f6180000, 0x0000000100000000)
  eden space 407552K, 39% used [0x00000000d5580000,0x00000000df12a500,0x00000000ee380000)
  from space 26112K, 88% used [0x00000000f1200000,0x00000000f287a658,0x00000000f2b80000)
  to   space 47616K, 0% used [0x00000000ee380000,0x00000000ee380000,0x00000000f1200000)
 ParOldGen       total 163840K, used 90650K [0x0000000080000000, 0x000000008a000000, 0x00000000d5580000)
  object space 163840K, 55% used [0x0000000080000000,0x0000000085886ac8,0x000000008a000000)
 Metaspace       used 82188K, capacity 86100K, committed 86680K, reserved 1124352K
  class space    used 11237K, capacity 12119K, committed 12208K, reserved 1048576K
GC Heap History (10 events):
Event: 23.850 GC heap before
{Heap before GC invocations=16 (full 3):
 PSYoungGen      total 242688K, used 672K [0x00000000d5580000, 0x00000000eb900000, 0x0000000100000000)
  eden space 220672K, 0% used [0x00000000d5580000,0x00000000d5580000,0x00000000e2d00000)
  from space 22016K, 3% used [0x00000000e2d00000,0x00000000e2da8000,0x00000000e4280000)
  to   space 22016K, 0% used [0x00000000ea380000,0x00000000ea380000,0x00000000eb900000)
 ParOldGen       total 50176K, used 40665K [0x0000000080000000, 0x0000000083100000, 0x00000000d5580000)
  object space 50176K, 81% used [0x0000000080000000,0x00000000827b6760,0x0000000083100000)
 Metaspace       used 56781K, capacity 59052K, committed 59160K, reserved 1099776K
  class space    used 7693K, capacity 8159K, committed 8240K, reserved 1048576K
Event: 24.187 GC heap after
Heap after GC invocations=16 (full 3):
 PSYoungGen      total 242688K, used 0K [0x00000000d5580000, 0x00000000eb900000, 0x0000000100000000)
  eden space 220672K, 0% used [0x00000000d5580000,0x00000000d5580000,0x00000000e2d00000)
  from space 22016K, 0% used [0x00000000e2d00000,0x00000000e2d00000,0x00000000e4280000)
  to   space 22016K, 0% used [0x00000000ea380000,0x00000000ea380000,0x00000000eb900000)
 ParOldGen       total 77824K, used 31022K [0x0000000080000000, 0x0000000084c00000, 0x00000000d5580000)
  object space 77824K, 39% used [0x0000000080000000,0x0000000081e4bb80,0x0000000084c00000)
 Metaspace       used 56744K, capacity 58926K, committed 59160K, reserved 1099776K
  class space    used 7681K, capacity 8138K, committed 8240K, reserved 1048576K
}
Event: 35.072 GC heap before
{Heap before GC invocations=17 (full 3):
 PSYoungGen      total 242688K, used 220672K [0x00000000d5580000, 0x00000000eb900000, 0x0000000100000000)
  eden space 220672K, 100% used [0x00000000d5580000,0x00000000e2d00000,0x00000000e2d00000)
  from space 22016K, 0% used [0x00000000e2d00000,0x00000000e2d00000,0x00000000e4280000)
  to   space 22016K, 0% used [0x00000000ea380000,0x00000000ea380000,0x00000000eb900000)
 ParOldGen       total 77824K, used 31022K [0x0000000080000000, 0x0000000084c00000, 0x00000000d5580000)
  object space 77824K, 39% used [0x0000000080000000,0x0000000081e4bb80,0x0000000084c00000)
 Metaspace       used 67123K, capacity 70378K, committed 70552K, reserved 1110016K
  class space    used 9198K, capacity 9838K, committed 9904K, reserved 1048576K
Event: 35.417 GC heap after
Heap after GC invocations=17 (full 3):
 PSYoungGen      total 330752K, used 20673K [0x00000000d5580000, 0x00000000eb800000, 0x0000000100000000)
  eden space 309760K, 0% used [0x00000000d5580000,0x00000000d5580000,0x00000000e8400000)
  from space 20992K, 98% used [0x00000000ea380000,0x00000000eb7b0600,0x00000000eb800000)
  to   space 25600K, 0% used [0x00000000e8600000,0x00000000e8600000,0x00000000e9f00000)
 ParOldGen       total 77824K, used 31030K [0x0000000080000000, 0x0000000084c00000, 0x00000000d5580000)
  object space 77824K, 39% used [0x0000000080000000,0x0000000081e4db80,0x0000000084c00000)
 Metaspace       used 67123K, capacity 70378K, committed 70552K, reserved 1110016K
  class space    used 9198K, capacity 9838K, committed 9904K, reserved 1048576K
}
Event: 42.725 GC heap before
{Heap before GC invocations=18 (full 3):
 PSYoungGen      total 330752K, used 330433K [0x00000000d5580000, 0x00000000eb800000, 0x0000000100000000)
  eden space 309760K, 100% used [0x00000000d5580000,0x00000000e8400000,0x00000000e8400000)
  from space 20992K, 98% used [0x00000000ea380000,0x00000000eb7b0600,0x00000000eb800000)
  to   space 25600K, 0% used [0x00000000e8600000,0x00000000e8600000,0x00000000e9f00000)
 ParOldGen       total 77824K, used 31030K [0x0000000080000000, 0x0000000084c00000, 0x00000000d5580000)
  object space 77824K, 39% used [0x0000000080000000,0x0000000081e4db80,0x0000000084c00000)
 Metaspace       used 76343K, capacity 79826K, committed 80024K, reserved 1118208K
  class space    used 10249K, capacity 10878K, committed 10928K, reserved 1048576K
Event: 42.903 GC heap after
Heap after GC invocations=18 (full 3):
 PSYoungGen      total 337408K, used 14542K [0x00000000d5580000, 0x00000000f2b80000, 0x0000000100000000)
  eden space 311808K, 0% used [0x00000000d5580000,0x00000000d5580000,0x00000000e8600000)
  from space 25600K, 56% used [0x00000000e8600000,0x00000000e9433a70,0x00000000e9f00000)
  to   space 26112K, 0% used [0x00000000f1200000,0x00000000f1200000,0x00000000f2b80000)
 ParOldGen       total 77824K, used 44027K [0x0000000080000000, 0x0000000084c00000, 0x00000000d5580000)
  object space 77824K, 56% used [0x0000000080000000,0x0000000082afeca8,0x0000000084c00000)
 Metaspace       used 76343K, capacity 79826K, committed 80024K, reserved 1118208K
  class space    used 10249K, capacity 10878K, committed 10928K, reserved 1048576K
}
Event: 44.922 GC heap before
{Heap before GC invocations=19 (full 3):
 PSYoungGen      total 337408K, used 326350K [0x00000000d5580000, 0x00000000f2b80000, 0x0000000100000000)
  eden space 311808K, 100% used [0x00000000d5580000,0x00000000e8600000,0x00000000e8600000)
  from space 25600K, 56% used [0x00000000e8600000,0x00000000e9433a70,0x00000000e9f00000)
  to   space 26112K, 0% used [0x00000000f1200000,0x00000000f1200000,0x00000000f2b80000)
 ParOldGen       total 77824K, used 44027K [0x0000000080000000, 0x0000000084c00000, 0x00000000d5580000)
  object space 77824K, 56% used [0x0000000080000000,0x0000000082afeca8,0x0000000084c00000)
 Metaspace       used 79866K, capacity 83806K, committed 83992K, reserved 1122304K
  class space    used 10766K, capacity 11464K, committed 11568K, reserved 1048576K
Event: 45.086 GC heap after
Heap after GC invocations=19 (full 3):
 PSYoungGen      total 433664K, used 26085K [0x00000000d5580000, 0x00000000f6180000, 0x0000000100000000)
  eden space 407552K, 0% used [0x00000000d5580000,0x00000000d5580000,0x00000000ee380000)
  from space 26112K, 99% used [0x00000000f1200000,0x00000000f2b796c0,0x00000000f2b80000)
  to   space 47616K, 0% used [0x00000000ee380000,0x00000000ee380000,0x00000000f1200000)
 ParOldGen       total 91136K, used 90816K [0x0000000080000000, 0x0000000085900000, 0x00000000d5580000)
  object space 91136K, 99% used [0x0000000080000000,0x00000000858b00b0,0x0000000085900000)
 Metaspace       used 79866K, capacity 83806K, committed 83992K, reserved 1122304K
  class space    used 10766K, capacity 11464K, committed 11568K, reserved 1048576K
}
Event: 45.087 GC heap before
{Heap before GC invocations=20 (full 4):
 PSYoungGen      total 433664K, used 26085K [0x00000000d5580000, 0x00000000f6180000, 0x0000000100000000)
  eden space 407552K, 0% used [0x00000000d5580000,0x00000000d5580000,0x00000000ee380000)
  from space 26112K, 99% used [0x00000000f1200000,0x00000000f2b796c0,0x00000000f2b80000)
  to   space 47616K, 0% used [0x00000000ee380000,0x00000000ee380000,0x00000000f1200000)
 ParOldGen       total 91136K, used 90816K [0x0000000080000000, 0x0000000085900000, 0x00000000d5580000)
  object space 91136K, 99% used [0x0000000080000000,0x00000000858b00b0,0x0000000085900000)
 Metaspace       used 79866K, capacity 83806K, committed 83992K, reserved 1122304K
  class space    used 10766K, capacity 11464K, committed 11568K, reserved 1048576K
Event: 46.476 GC heap after
Heap after GC invocations=20 (full 4):
 PSYoungGen      total 433664K, used 23017K [0x00000000d5580000, 0x00000000f6180000, 0x0000000100000000)
  eden space 407552K, 0% used [0x00000000d5580000,0x00000000d5580000,0x00000000ee380000)
  from space 26112K, 88% used [0x00000000f1200000,0x00000000f287a658,0x00000000f2b80000)
  to   space 47616K, 0% used [0x00000000ee380000,0x00000000ee380000,0x00000000f1200000)
 ParOldGen       total 163840K, used 90650K [0x0000000080000000, 0x000000008a000000, 0x00000000d5580000)
  object space 163840K, 55% used [0x0000000080000000,0x0000000085886ac8,0x000000008a000000)
 Metaspace       used 79557K, capacity 82886K, committed 83992K, reserved 1122304K
  class space    used 10665K, capacity 11286K, committed 11568K, reserved 1048576K
}

