# JRE version: OpenJDK Runtime Environment (8.0_242-b01) (build 1.8.0_242-release-1644-b01)
# Java VM: OpenJDK 64-Bit Server VM (25.242-b01 mixed mode windows-amd64 compressed oops)
Heap:
 PSYoungGen      total 140288K, used 20102K [0x00000000eba00000, 0x00000000f7e80000, 0x0000000100000000)
  eden space 110592K, 18% used [0x00000000eba00000,0x00000000ecda1a70,0x00000000f2600000)
  from space 29696K, 0% used [0x00000000f2600000,0x00000000f2600000,0x00000000f4300000)
  to   space 33792K, 0% used [0x00000000f5d80000,0x00000000f5d80000,0x00000000f7e80000)
 ParOldGen       total 119808K, used 56315K [0x00000000c2e00000, 0x00000000ca300000, 0x00000000eba00000)
  object space 119808K, 47% used [0x00000000c2e00000,0x00000000c64fef50,0x00000000ca300000)
 Metaspace       used 59837K, capacity 61040K, committed 61184K, reserved 1103872K
  class space    used 7106K, capacity 7408K, committed 7424K, reserved 1048576K
GC Heap History (10 events):
Event: 3.384 GC heap before
{Heap before GC invocations=10 (full 2):
 PSYoungGen      total 113152K, used 14543K [0x00000000eba00000, 0x00000000f3e80000, 0x0000000100000000)
  eden space 93696K, 0% used [0x00000000eba00000,0x00000000eba00000,0x00000000f1580000)
  from space 19456K, 74% used [0x00000000f2a80000,0x00000000f38b3f88,0x00000000f3d80000)
  to   space 20992K, 0% used [0x00000000f1580000,0x00000000f1580000,0x00000000f2a00000)
 ParOldGen       total 56832K, used 19750K [0x00000000c2e00000, 0x00000000c6580000, 0x00000000eba00000)
  object space 56832K, 34% used [0x00000000c2e00000,0x00000000c4149848,0x00000000c6580000)
 Metaspace       used 34619K, capacity 35112K, committed 35416K, reserved 1081344K
  class space    used 4378K, capacity 4530K, committed 4608K, reserved 1048576K
Event: 3.464 GC heap after
Heap after GC invocations=10 (full 2):
 PSYoungGen      total 113152K, used 0K [0x00000000eba00000, 0x00000000f3e80000, 0x0000000100000000)
  eden space 93696K, 0% used [0x00000000eba00000,0x00000000eba00000,0x00000000f1580000)
  from space 19456K, 0% used [0x00000000f2a80000,0x00000000f2a80000,0x00000000f3d80000)
  to   space 20992K, 0% used [0x00000000f1580000,0x00000000f1580000,0x00000000f2a00000)
 ParOldGen       total 83456K, used 33517K [0x00000000c2e00000, 0x00000000c7f80000, 0x00000000eba00000)
  object space 83456K, 40% used [0x00000000c2e00000,0x00000000c4ebb7e0,0x00000000c7f80000)
 Metaspace       used 34619K, capacity 35112K, committed 35416K, reserved 1081344K
  class space    used 4378K, capacity 4530K, committed 4608K, reserved 1048576K
}
Event: 5.843 GC heap before
{Heap before GC invocations=11 (full 2):
 PSYoungGen      total 113152K, used 93696K [0x00000000eba00000, 0x00000000f3e80000, 0x0000000100000000)
  eden space 93696K, 100% used [0x00000000eba00000,0x00000000f1580000,0x00000000f1580000)
  from space 19456K, 0% used [0x00000000f2a80000,0x00000000f2a80000,0x00000000f3d80000)
  to   space 20992K, 0% used [0x00000000f1580000,0x00000000f1580000,0x00000000f2a00000)
 ParOldGen       total 83456K, used 33517K [0x00000000c2e00000, 0x00000000c7f80000, 0x00000000eba00000)
  object space 83456K, 40% used [0x00000000c2e00000,0x00000000c4ebb7e0,0x00000000c7f80000)
 Metaspace       used 45040K, capacity 45738K, committed 46208K, reserved 1089536K
  class space    used 5497K, capacity 5721K, committed 5760K, reserved 1048576K
Event: 5.859 GC heap after
Heap after GC invocations=11 (full 2):
 PSYoungGen      total 114688K, used 20185K [0x00000000eba00000, 0x00000000f5a80000, 0x0000000100000000)
  eden space 93696K, 0% used [0x00000000eba00000,0x00000000eba00000,0x00000000f1580000)
  from space 20992K, 96% used [0x00000000f1580000,0x00000000f2936638,0x00000000f2a00000)
  to   space 24064K, 0% used [0x00000000f4300000,0x00000000f4300000,0x00000000f5a80000)
 ParOldGen       total 83456K, used 33595K [0x00000000c2e00000, 0x00000000c7f80000, 0x00000000eba00000)
  object space 83456K, 40% used [0x00000000c2e00000,0x00000000c4eced90,0x00000000c7f80000)
 Metaspace       used 45040K, capacity 45738K, committed 46208K, reserved 1089536K
  class space    used 5497K, capacity 5721K, committed 5760K, reserved 1048576K
}
Event: 9.089 GC heap before
{Heap before GC invocations=12 (full 2):
 PSYoungGen      total 114688K, used 113881K [0x00000000eba00000, 0x00000000f5a80000, 0x0000000100000000)
  eden space 93696K, 100% used [0x00000000eba00000,0x00000000f1580000,0x00000000f1580000)
  from space 20992K, 96% used [0x00000000f1580000,0x00000000f2936638,0x00000000f2a00000)
  to   space 24064K, 0% used [0x00000000f4300000,0x00000000f4300000,0x00000000f5a80000)
 ParOldGen       total 83456K, used 33595K [0x00000000c2e00000, 0x00000000c7f80000, 0x00000000eba00000)
  object space 83456K, 40% used [0x00000000c2e00000,0x00000000c4eced90,0x00000000c7f80000)
 Metaspace       used 51823K, capacity 52874K, committed 52992K, reserved 1095680K
  class space    used 6341K, capacity 6629K, committed 6656K, reserved 1048576K
Event: 9.124 GC heap after
Heap after GC invocations=12 (full 2):
 PSYoungGen      total 134656K, used 24049K [0x00000000eba00000, 0x00000000f6380000, 0x0000000100000000)
  eden space 110592K, 0% used [0x00000000eba00000,0x00000000eba00000,0x00000000f2600000)
  from space 24064K, 99% used [0x00000000f4300000,0x00000000f5a7c418,0x00000000f5a80000)
  to   space 29696K, 0% used [0x00000000f2600000,0x00000000f2600000,0x00000000f4300000)
 ParOldGen       total 83456K, used 37928K [0x00000000c2e00000, 0x00000000c7f80000, 0x00000000eba00000)
  object space 83456K, 45% used [0x00000000c2e00000,0x00000000c530a3f8,0x00000000c7f80000)
 Metaspace       used 51823K, capacity 52874K, committed 52992K, reserved 1095680K
  class space    used 6341K, capacity 6629K, committed 6656K, reserved 1048576K
}
Event: 10.352 GC heap before
{Heap before GC invocations=13 (full 2):
 PSYoungGen      total 134656K, used 61202K [0x00000000eba00000, 0x00000000f6380000, 0x0000000100000000)
  eden space 110592K, 33% used [0x00000000eba00000,0x00000000ede48728,0x00000000f2600000)
  from space 24064K, 99% used [0x00000000f4300000,0x00000000f5a7c418,0x00000000f5a80000)
  to   space 29696K, 0% used [0x00000000f2600000,0x00000000f2600000,0x00000000f4300000)
 ParOldGen       total 83456K, used 37928K [0x00000000c2e00000, 0x00000000c7f80000, 0x00000000eba00000)
  object space 83456K, 45% used [0x00000000c2e00000,0x00000000c530a3f8,0x00000000c7f80000)
 Metaspace       used 57613K, capacity 58702K, committed 59008K, reserved 1101824K
  class space    used 6905K, capacity 7179K, committed 7296K, reserved 1048576K
Event: 10.371 GC heap after
Heap after GC invocations=13 (full 2):
 PSYoungGen      total 140288K, used 29042K [0x00000000eba00000, 0x00000000f7e80000, 0x0000000100000000)
  eden space 110592K, 0% used [0x00000000eba00000,0x00000000eba00000,0x00000000f2600000)
  from space 29696K, 97% used [0x00000000f2600000,0x00000000f425ca10,0x00000000f4300000)
  to   space 33792K, 0% used [0x00000000f5d80000,0x00000000f5d80000,0x00000000f7e80000)
 ParOldGen       total 83456K, used 37936K [0x00000000c2e00000, 0x00000000c7f80000, 0x00000000eba00000)
  object space 83456K, 45% used [0x00000000c2e00000,0x00000000c530c3f8,0x00000000c7f80000)
 Metaspace       used 57613K, capacity 58702K, committed 59008K, reserved 1101824K
  class space    used 6905K, capacity 7179K, committed 7296K, reserved 1048576K
}
Event: 10.371 GC heap before
{Heap before GC invocations=14 (full 3):
 PSYoungGen      total 140288K, used 29042K [0x00000000eba00000, 0x00000000f7e80000, 0x0000000100000000)
  eden space 110592K, 0% used [0x00000000eba00000,0x00000000eba00000,0x00000000f2600000)
  from space 29696K, 97% used [0x00000000f2600000,0x00000000f425ca10,0x00000000f4300000)
  to   space 33792K, 0% used [0x00000000f5d80000,0x00000000f5d80000,0x00000000f7e80000)
 ParOldGen       total 83456K, used 37936K [0x00000000c2e00000, 0x00000000c7f80000, 0x00000000eba00000)
  object space 83456K, 45% used [0x00000000c2e00000,0x00000000c530c3f8,0x00000000c7f80000)
 Metaspace       used 57613K, capacity 58702K, committed 59008K, reserved 1101824K
  class space    used 6905K, capacity 7179K, committed 7296K, reserved 1048576K
Event: 10.658 GC heap after
Heap after GC invocations=14 (full 3):
 PSYoungGen      total 140288K, used 0K [0x00000000eba00000, 0x00000000f7e80000, 0x0000000100000000)
  eden space 110592K, 0% used [0x00000000eba00000,0x00000000eba00000,0x00000000f2600000)
  from space 29696K, 0% used [0x00000000f2600000,0x00000000f2600000,0x00000000f4300000)
  to   space 33792K, 0% used [0x00000000f5d80000,0x00000000f5d80000,0x00000000f7e80000)
 ParOldGen       total 119808K, used 56315K [0x00000000c2e00000, 0x00000000ca300000, 0x00000000eba00000)
  object space 119808K, 47% used [0x00000000c2e00000,0x00000000c64fef50,0x00000000ca300000)
 Metaspace       used 57613K, capacity 58702K, committed 59008K, reserved 1101824K
  class space    used 6905K, capacity 7179K, committed 7296K, reserved 1048576K
}

