# JRE version: OpenJDK Runtime Environment (8.0_242-b01) (build 1.8.0_242-release-1644-b01)
# Java VM: OpenJDK 64-Bit Server VM (25.242-b01 mixed mode windows-amd64 compressed oops)
Heap:
 PSYoungGen      total 537088K, used 91089K [0x00000000d5580000, 0x00000000fa380000, 0x0000000100000000)
  eden space 470016K, 14% used [0x00000000d5580000,0x00000000d9a563c0,0x00000000f2080000)
  from space 67072K, 30% used [0x00000000f2080000,0x00000000f349e408,0x00000000f6200000)
  to   space 65024K, 0% used [0x00000000f6400000,0x00000000f6400000,0x00000000fa380000)
 ParOldGen       total 193024K, used 92639K [0x0000000080000000, 0x000000008bc80000, 0x00000000d5580000)
  object space 193024K, 47% used [0x0000000080000000,0x0000000085a77d60,0x000000008bc80000)
 Metaspace       used 105514K, capacity 111086K, committed 111384K, reserved 1144832K
  class space    used 13946K, capacity 15028K, committed 15152K, reserved 1048576K
GC Heap History (10 events):
Event: 15.493 GC heap before
{Heap before GC invocations=20 (full 4):
 PSYoungGen      total 346624K, used 344952K [0x00000000d5580000, 0x00000000f5380000, 0x0000000100000000)
  eden space 321024K, 100% used [0x00000000d5580000,0x00000000e8f00000,0x00000000e8f00000)
  from space 25600K, 93% used [0x00000000e8f00000,0x00000000ea65e180,0x00000000ea800000)
  to   space 47616K, 0% used [0x00000000f2500000,0x00000000f2500000,0x00000000f5380000)
 ParOldGen       total 151552K, used 78745K [0x0000000080000000, 0x0000000089400000, 0x00000000d5580000)
  object space 151552K, 51% used [0x0000000080000000,0x0000000084ce66a8,0x0000000089400000)
 Metaspace       used 78607K, capacity 82434K, committed 82584K, reserved 1120256K
  class space    used 10833K, capacity 11586K, committed 11696K, reserved 1048576K
Event: 15.552 GC heap after
Heap after GC invocations=20 (full 4):
 PSYoungGen      total 455168K, used 47611K [0x00000000d5580000, 0x00000000f6480000, 0x0000000100000000)
  eden space 407552K, 0% used [0x00000000d5580000,0x00000000d5580000,0x00000000ee380000)
  from space 47616K, 99% used [0x00000000f2500000,0x00000000f537eef8,0x00000000f5380000)
  to   space 66048K, 0% used [0x00000000ee380000,0x00000000ee380000,0x00000000f2400000)
 ParOldGen       total 151552K, used 105066K [0x0000000080000000, 0x0000000089400000, 0x00000000d5580000)
  object space 151552K, 69% used [0x0000000080000000,0x000000008669a928,0x0000000089400000)
 Metaspace       used 78607K, capacity 82434K, committed 82584K, reserved 1120256K
  class space    used 10833K, capacity 11586K, committed 11696K, reserved 1048576K
}
Event: 205.562 GC heap before
{Heap before GC invocations=21 (full 4):
 PSYoungGen      total 455168K, used 455163K [0x00000000d5580000, 0x00000000f6480000, 0x0000000100000000)
  eden space 407552K, 100% used [0x00000000d5580000,0x00000000ee380000,0x00000000ee380000)
  from space 47616K, 99% used [0x00000000f2500000,0x00000000f537eef8,0x00000000f5380000)
  to   space 66048K, 0% used [0x00000000ee380000,0x00000000ee380000,0x00000000f2400000)
 ParOldGen       total 151552K, used 105066K [0x0000000080000000, 0x0000000089400000, 0x00000000d5580000)
  object space 151552K, 69% used [0x0000000080000000,0x000000008669a928,0x0000000089400000)
 Metaspace       used 97807K, capacity 102882K, committed 103192K, reserved 1138688K
  class space    used 13054K, capacity 14072K, committed 14128K, reserved 1048576K
Event: 206.001 GC heap after
Heap after GC invocations=21 (full 4):
 PSYoungGen      total 473600K, used 41998K [0x00000000d5580000, 0x00000000fa780000, 0x0000000100000000)
  eden space 407552K, 0% used [0x00000000d5580000,0x00000000d5580000,0x00000000ee380000)
  from space 66048K, 63% used [0x00000000ee380000,0x00000000f0c83810,0x00000000f2400000)
  to   space 69120K, 0% used [0x00000000f6400000,0x00000000f6400000,0x00000000fa780000)
 ParOldGen       total 155648K, used 152803K [0x0000000080000000, 0x0000000089800000, 0x00000000d5580000)
  object space 155648K, 98% used [0x0000000080000000,0x0000000089538d48,0x0000000089800000)
 Metaspace       used 97807K, capacity 102882K, committed 103192K, reserved 1138688K
  class space    used 13054K, capacity 14072K, committed 14128K, reserved 1048576K
}
Event: 206.001 GC heap before
{Heap before GC invocations=22 (full 5):
 PSYoungGen      total 473600K, used 41998K [0x00000000d5580000, 0x00000000fa780000, 0x0000000100000000)
  eden space 407552K, 0% used [0x00000000d5580000,0x00000000d5580000,0x00000000ee380000)
  from space 66048K, 63% used [0x00000000ee380000,0x00000000f0c83810,0x00000000f2400000)
  to   space 69120K, 0% used [0x00000000f6400000,0x00000000f6400000,0x00000000fa780000)
 ParOldGen       total 155648K, used 152803K [0x0000000080000000, 0x0000000089800000, 0x00000000d5580000)
  object space 155648K, 98% used [0x0000000080000000,0x0000000089538d48,0x0000000089800000)
 Metaspace       used 97807K, capacity 102882K, committed 103192K, reserved 1138688K
  class space    used 13054K, capacity 14072K, committed 14128K, reserved 1048576K
Event: 206.920 GC heap after
Heap after GC invocations=22 (full 5):
 PSYoungGen      total 473600K, used 0K [0x00000000d5580000, 0x00000000fa780000, 0x0000000100000000)
  eden space 407552K, 0% used [0x00000000d5580000,0x00000000d5580000,0x00000000ee380000)
  from space 66048K, 0% used [0x00000000ee380000,0x00000000ee380000,0x00000000f2400000)
  to   space 69120K, 0% used [0x00000000f6400000,0x00000000f6400000,0x00000000fa780000)
 ParOldGen       total 193024K, used 92623K [0x0000000080000000, 0x000000008bc80000, 0x00000000d5580000)
  object space 193024K, 47% used [0x0000000080000000,0x0000000085a73d60,0x000000008bc80000)
 Metaspace       used 97687K, capacity 102524K, committed 103192K, reserved 1138688K
  class space    used 13016K, capacity 13985K, committed 14128K, reserved 1048576K
}
Event: 209.034 GC heap before
{Heap before GC invocations=23 (full 5):
 PSYoungGen      total 473600K, used 407552K [0x00000000d5580000, 0x00000000fa780000, 0x0000000100000000)
  eden space 407552K, 100% used [0x00000000d5580000,0x00000000ee380000,0x00000000ee380000)
  from space 66048K, 0% used [0x00000000ee380000,0x00000000ee380000,0x00000000f2400000)
  to   space 69120K, 0% used [0x00000000f6400000,0x00000000f6400000,0x00000000fa780000)
 ParOldGen       total 193024K, used 92623K [0x0000000080000000, 0x000000008bc80000, 0x00000000d5580000)
  object space 193024K, 47% used [0x0000000080000000,0x0000000085a73d60,0x000000008bc80000)
 Metaspace       used 98838K, capacity 103706K, committed 104216K, reserved 1138688K
  class space    used 13095K, capacity 14054K, committed 14128K, reserved 1048576K
Event: 209.044 GC heap after
Heap after GC invocations=23 (full 5):
 PSYoungGen      total 535040K, used 9346K [0x00000000d5580000, 0x00000000fa380000, 0x0000000100000000)
  eden space 470016K, 0% used [0x00000000d5580000,0x00000000d5580000,0x00000000f2080000)
  from space 65024K, 14% used [0x00000000f6400000,0x00000000f6d20a70,0x00000000fa380000)
  to   space 67072K, 0% used [0x00000000f2080000,0x00000000f2080000,0x00000000f6200000)
 ParOldGen       total 193024K, used 92631K [0x0000000080000000, 0x000000008bc80000, 0x00000000d5580000)
  object space 193024K, 47% used [0x0000000080000000,0x0000000085a75d60,0x000000008bc80000)
 Metaspace       used 98838K, capacity 103706K, committed 104216K, reserved 1138688K
  class space    used 13095K, capacity 14054K, committed 14128K, reserved 1048576K
}
Event: 443.104 GC heap before
{Heap before GC invocations=24 (full 5):
 PSYoungGen      total 535040K, used 479362K [0x00000000d5580000, 0x00000000fa380000, 0x0000000100000000)
  eden space 470016K, 100% used [0x00000000d5580000,0x00000000f2080000,0x00000000f2080000)
  from space 65024K, 14% used [0x00000000f6400000,0x00000000f6d20a70,0x00000000fa380000)
  to   space 67072K, 0% used [0x00000000f2080000,0x00000000f2080000,0x00000000f6200000)
 ParOldGen       total 193024K, used 92631K [0x0000000080000000, 0x000000008bc80000, 0x00000000d5580000)
  object space 193024K, 47% used [0x0000000080000000,0x0000000085a75d60,0x000000008bc80000)
 Metaspace       used 105397K, capacity 110978K, committed 111256K, reserved 1144832K
  class space    used 13935K, capacity 14994K, committed 15024K, reserved 1048576K
Event: 443.529 GC heap after
Heap after GC invocations=24 (full 5):
 PSYoungGen      total 537088K, used 20601K [0x00000000d5580000, 0x00000000fa380000, 0x0000000100000000)
  eden space 470016K, 0% used [0x00000000d5580000,0x00000000d5580000,0x00000000f2080000)
  from space 67072K, 30% used [0x00000000f2080000,0x00000000f349e408,0x00000000f6200000)
  to   space 65024K, 0% used [0x00000000f6400000,0x00000000f6400000,0x00000000fa380000)
 ParOldGen       total 193024K, used 92639K [0x0000000080000000, 0x000000008bc80000, 0x00000000d5580000)
  object space 193024K, 47% used [0x0000000080000000,0x0000000085a77d60,0x000000008bc80000)
 Metaspace       used 105397K, capacity 110978K, committed 111256K, reserved 1144832K
  class space    used 13935K, capacity 14994K, committed 15024K, reserved 1048576K
}

