# JRE version: OpenJDK Runtime Environment (8.0_242-b01) (build 1.8.0_242-release-1644-b01)
# Java VM: OpenJDK 64-Bit Server VM (25.242-b01 mixed mode windows-amd64 compressed oops)
Heap:
 PSYoungGen      total 244224K, used 93389K [0x00000000d5580000, 0x00000000e7800000, 0x0000000100000000)
  eden space 229888K, 35% used [0x00000000d5580000,0x00000000da5e4588,0x00000000e3600000)
  from space 14336K, 77% used [0x00000000e3600000,0x00000000e40cf098,0x00000000e4400000)
  to   space 15360K, 0% used [0x00000000e6900000,0x00000000e6900000,0x00000000e7800000)
 ParOldGen       total 60416K, used 17107K [0x0000000080000000, 0x0000000083b00000, 0x00000000d5580000)
  object space 60416K, 28% used [0x0000000080000000,0x00000000810b4c10,0x0000000083b00000)
 Metaspace       used 50517K, capacity 52490K, committed 52648K, reserved 1095680K
  class space    used 6727K, capacity 7069K, committed 7088K, reserved 1048576K
GC Heap History (10 events):
Event: 4.950 GC heap before
{Heap before GC invocations=9 (full 1):
 PSYoungGen      total 135680K, used 42802K [0x00000000d5580000, 0x00000000e2b80000, 0x0000000100000000)
  eden space 125952K, 26% used [0x00000000d5580000,0x00000000d75ccd68,0x00000000dd080000)
  from space 9728K, 99% used [0x00000000dd080000,0x00000000dd9ffd68,0x00000000dda00000)
  to   space 14336K, 0% used [0x00000000e1d80000,0x00000000e1d80000,0x00000000e2b80000)
 ParOldGen       total 40960K, used 16485K [0x0000000080000000, 0x0000000082800000, 0x00000000d5580000)
  object space 40960K, 40% used [0x0000000080000000,0x0000000081019508,0x0000000082800000)
 Metaspace       used 34314K, capacity 35386K, committed 35496K, reserved 1079296K
  class space    used 4704K, capacity 4972K, committed 5040K, reserved 1048576K
Event: 4.963 GC heap after
Heap after GC invocations=9 (full 1):
 PSYoungGen      total 204800K, used 9062K [0x00000000d5580000, 0x00000000e3880000, 0x0000000100000000)
  eden space 190464K, 0% used [0x00000000d5580000,0x00000000d5580000,0x00000000e0f80000)
  from space 14336K, 63% used [0x00000000e1d80000,0x00000000e2659978,0x00000000e2b80000)
  to   space 14336K, 0% used [0x00000000e0f80000,0x00000000e0f80000,0x00000000e1d80000)
 ParOldGen       total 40960K, used 16493K [0x0000000080000000, 0x0000000082800000, 0x00000000d5580000)
  object space 40960K, 40% used [0x0000000080000000,0x000000008101b508,0x0000000082800000)
 Metaspace       used 34314K, capacity 35386K, committed 35496K, reserved 1079296K
  class space    used 4704K, capacity 4972K, committed 5040K, reserved 1048576K
}
Event: 4.963 GC heap before
{Heap before GC invocations=10 (full 2):
 PSYoungGen      total 204800K, used 9062K [0x00000000d5580000, 0x00000000e3880000, 0x0000000100000000)
  eden space 190464K, 0% used [0x00000000d5580000,0x00000000d5580000,0x00000000e0f80000)
  from space 14336K, 63% used [0x00000000e1d80000,0x00000000e2659978,0x00000000e2b80000)
  to   space 14336K, 0% used [0x00000000e0f80000,0x00000000e0f80000,0x00000000e1d80000)
 ParOldGen       total 40960K, used 16493K [0x0000000080000000, 0x0000000082800000, 0x00000000d5580000)
  object space 40960K, 40% used [0x0000000080000000,0x000000008101b508,0x0000000082800000)
 Metaspace       used 34314K, capacity 35386K, committed 35496K, reserved 1079296K
  class space    used 4704K, capacity 4972K, committed 5040K, reserved 1048576K
Event: 5.016 GC heap after
Heap after GC invocations=10 (full 2):
 PSYoungGen      total 204800K, used 0K [0x00000000d5580000, 0x00000000e3880000, 0x0000000100000000)
  eden space 190464K, 0% used [0x00000000d5580000,0x00000000d5580000,0x00000000e0f80000)
  from space 14336K, 0% used [0x00000000e1d80000,0x00000000e1d80000,0x00000000e2b80000)
  to   space 14336K, 0% used [0x00000000e0f80000,0x00000000e0f80000,0x00000000e1d80000)
 ParOldGen       total 60416K, used 17075K [0x0000000080000000, 0x0000000083b00000, 0x00000000d5580000)
  object space 60416K, 28% used [0x0000000080000000,0x00000000810acc10,0x0000000083b00000)
 Metaspace       used 34314K, capacity 35386K, committed 35496K, reserved 1079296K
  class space    used 4704K, capacity 4972K, committed 5040K, reserved 1048576K
}
Event: 18.325 GC heap before
{Heap before GC invocations=11 (full 2):
 PSYoungGen      total 204800K, used 190464K [0x00000000d5580000, 0x00000000e3880000, 0x0000000100000000)
  eden space 190464K, 100% used [0x00000000d5580000,0x00000000e0f80000,0x00000000e0f80000)
  from space 14336K, 0% used [0x00000000e1d80000,0x00000000e1d80000,0x00000000e2b80000)
  to   space 14336K, 0% used [0x00000000e0f80000,0x00000000e0f80000,0x00000000e1d80000)
 ParOldGen       total 60416K, used 17075K [0x0000000080000000, 0x0000000083b00000, 0x00000000d5580000)
  object space 60416K, 28% used [0x0000000080000000,0x00000000810acc10,0x0000000083b00000)
 Metaspace       used 41558K, capacity 43274K, committed 43560K, reserved 1087488K
  class space    used 5580K, capacity 5906K, committed 5936K, reserved 1048576K
Event: 18.339 GC heap after
Heap after GC invocations=11 (full 2):
 PSYoungGen      total 204800K, used 10679K [0x00000000d5580000, 0x00000000e5a00000, 0x0000000100000000)
  eden space 190464K, 0% used [0x00000000d5580000,0x00000000d5580000,0x00000000e0f80000)
  from space 14336K, 74% used [0x00000000e0f80000,0x00000000e19edfa0,0x00000000e1d80000)
  to   space 15360K, 0% used [0x00000000e4b00000,0x00000000e4b00000,0x00000000e5a00000)
 ParOldGen       total 60416K, used 17091K [0x0000000080000000, 0x0000000083b00000, 0x00000000d5580000)
  object space 60416K, 28% used [0x0000000080000000,0x00000000810b0c10,0x0000000083b00000)
 Metaspace       used 41558K, capacity 43274K, committed 43560K, reserved 1087488K
  class space    used 5580K, capacity 5906K, committed 5936K, reserved 1048576K
}
Event: 42.246 GC heap before
{Heap before GC invocations=12 (full 2):
 PSYoungGen      total 204800K, used 201143K [0x00000000d5580000, 0x00000000e5a00000, 0x0000000100000000)
  eden space 190464K, 100% used [0x00000000d5580000,0x00000000e0f80000,0x00000000e0f80000)
  from space 14336K, 74% used [0x00000000e0f80000,0x00000000e19edfa0,0x00000000e1d80000)
  to   space 15360K, 0% used [0x00000000e4b00000,0x00000000e4b00000,0x00000000e5a00000)
 ParOldGen       total 60416K, used 17091K [0x0000000080000000, 0x0000000083b00000, 0x00000000d5580000)
  object space 60416K, 28% used [0x0000000080000000,0x00000000810b0c10,0x0000000083b00000)
 Metaspace       used 41639K, capacity 43274K, committed 43560K, reserved 1087488K
  class space    used 5581K, capacity 5906K, committed 5936K, reserved 1048576K
Event: 42.253 GC heap after
Heap after GC invocations=12 (full 2):
 PSYoungGen      total 236032K, used 7093K [0x00000000d5580000, 0x00000000e5200000, 0x0000000100000000)
  eden space 228864K, 0% used [0x00000000d5580000,0x00000000d5580000,0x00000000e3500000)
  from space 7168K, 98% used [0x00000000e4b00000,0x00000000e51ed5b0,0x00000000e5200000)
  to   space 14336K, 0% used [0x00000000e3600000,0x00000000e3600000,0x00000000e4400000)
 ParOldGen       total 60416K, used 17099K [0x0000000080000000, 0x0000000083b00000, 0x00000000d5580000)
  object space 60416K, 28% used [0x0000000080000000,0x00000000810b2c10,0x0000000083b00000)
 Metaspace       used 41639K, capacity 43274K, committed 43560K, reserved 1087488K
  class space    used 5581K, capacity 5906K, committed 5936K, reserved 1048576K
}
Event: 64.414 GC heap before
{Heap before GC invocations=13 (full 2):
 PSYoungGen      total 236032K, used 235957K [0x00000000d5580000, 0x00000000e5200000, 0x0000000100000000)
  eden space 228864K, 100% used [0x00000000d5580000,0x00000000e3500000,0x00000000e3500000)
  from space 7168K, 98% used [0x00000000e4b00000,0x00000000e51ed5b0,0x00000000e5200000)
  to   space 14336K, 0% used [0x00000000e3600000,0x00000000e3600000,0x00000000e4400000)
 ParOldGen       total 60416K, used 17099K [0x0000000080000000, 0x0000000083b00000, 0x00000000d5580000)
  object space 60416K, 28% used [0x0000000080000000,0x00000000810b2c10,0x0000000083b00000)
 Metaspace       used 42863K, capacity 44710K, committed 44840K, reserved 1087488K
  class space    used 5763K, capacity 6125K, committed 6192K, reserved 1048576K
Event: 64.421 GC heap after
Heap after GC invocations=13 (full 2):
 PSYoungGen      total 244224K, used 11068K [0x00000000d5580000, 0x00000000e7800000, 0x0000000100000000)
  eden space 229888K, 0% used [0x00000000d5580000,0x00000000d5580000,0x00000000e3600000)
  from space 14336K, 77% used [0x00000000e3600000,0x00000000e40cf098,0x00000000e4400000)
  to   space 15360K, 0% used [0x00000000e6900000,0x00000000e6900000,0x00000000e7800000)
 ParOldGen       total 60416K, used 17107K [0x0000000080000000, 0x0000000083b00000, 0x00000000d5580000)
  object space 60416K, 28% used [0x0000000080000000,0x00000000810b4c10,0x0000000083b00000)
 Metaspace       used 42863K, capacity 44710K, committed 44840K, reserved 1087488K
  class space    used 5763K, capacity 6125K, committed 6192K, reserved 1048576K
}

