# JRE version: OpenJDK Runtime Environment (8.0_242-b01) (build 1.8.0_242-release-1644-b01)
# Java VM: OpenJDK 64-Bit Server VM (25.242-b01 mixed mode windows-amd64 compressed oops)
Heap:
 PSYoungGen      total 186368K, used 33049K [0x00000000d5580000, 0x00000000e1900000, 0x0000000100000000)
  eden space 174592K, 18% used [0x00000000d5580000,0x00000000d75c6610,0x00000000e0000000)
  from space 11776K, 0% used [0x00000000e0d80000,0x00000000e0d80000,0x00000000e1900000)
  to   space 12800K, 0% used [0x00000000e0000000,0x00000000e0000000,0x00000000e0c80000)
 ParOldGen       total 50176K, used 39453K [0x0000000080000000, 0x0000000083100000, 0x00000000d5580000)
  object space 50176K, 78% used [0x0000000080000000,0x00000000826874a8,0x0000000083100000)
 Metaspace       used 57294K, capacity 59552K, committed 59992K, reserved 1101824K
  class space    used 7510K, capacity 8002K, committed 8064K, reserved 1048576K
GC Heap History (10 events):
Event: 4.685 GC heap before
{Heap before GC invocations=11 (full 1):
 PSYoungGen      total 134144K, used 49891K [0x00000000d5580000, 0x00000000e1980000, 0x0000000100000000)
  eden space 124928K, 32% used [0x00000000d5580000,0x00000000d7d39a88,0x00000000dcf80000)
  from space 9216K, 99% used [0x00000000dcf80000,0x00000000dd87f480,0x00000000dd880000)
  to   space 12288K, 0% used [0x00000000e0d80000,0x00000000e0d80000,0x00000000e1980000)
 ParOldGen       total 31232K, used 10903K [0x0000000080000000, 0x0000000081e80000, 0x00000000d5580000)
  object space 31232K, 34% used [0x0000000080000000,0x0000000080aa5f60,0x0000000081e80000)
 Metaspace       used 34000K, capacity 35276K, committed 35416K, reserved 1079296K
  class space    used 4599K, capacity 4913K, committed 4992K, reserved 1048576K
Event: 4.694 GC heap after
Heap after GC invocations=11 (full 1):
 PSYoungGen      total 186368K, used 9474K [0x00000000d5580000, 0x00000000e1900000, 0x0000000100000000)
  eden space 174592K, 0% used [0x00000000d5580000,0x00000000d5580000,0x00000000e0000000)
  from space 11776K, 80% used [0x00000000e0d80000,0x00000000e16c0b98,0x00000000e1900000)
  to   space 12800K, 0% used [0x00000000e0000000,0x00000000e0000000,0x00000000e0c80000)
 ParOldGen       total 31232K, used 10911K [0x0000000080000000, 0x0000000081e80000, 0x00000000d5580000)
  object space 31232K, 34% used [0x0000000080000000,0x0000000080aa7f60,0x0000000081e80000)
 Metaspace       used 34000K, capacity 35276K, committed 35416K, reserved 1079296K
  class space    used 4599K, capacity 4913K, committed 4992K, reserved 1048576K
}
Event: 4.694 GC heap before
{Heap before GC invocations=12 (full 2):
 PSYoungGen      total 186368K, used 9474K [0x00000000d5580000, 0x00000000e1900000, 0x0000000100000000)
  eden space 174592K, 0% used [0x00000000d5580000,0x00000000d5580000,0x00000000e0000000)
  from space 11776K, 80% used [0x00000000e0d80000,0x00000000e16c0b98,0x00000000e1900000)
  to   space 12800K, 0% used [0x00000000e0000000,0x00000000e0000000,0x00000000e0c80000)
 ParOldGen       total 31232K, used 10911K [0x0000000080000000, 0x0000000081e80000, 0x00000000d5580000)
  object space 31232K, 34% used [0x0000000080000000,0x0000000080aa7f60,0x0000000081e80000)
 Metaspace       used 34000K, capacity 35276K, committed 35416K, reserved 1079296K
  class space    used 4599K, capacity 4913K, committed 4992K, reserved 1048576K
Event: 4.736 GC heap after
Heap after GC invocations=12 (full 2):
 PSYoungGen      total 186368K, used 0K [0x00000000d5580000, 0x00000000e1900000, 0x0000000100000000)
  eden space 174592K, 0% used [0x00000000d5580000,0x00000000d5580000,0x00000000e0000000)
  from space 11776K, 0% used [0x00000000e0d80000,0x00000000e0d80000,0x00000000e1900000)
  to   space 12800K, 0% used [0x00000000e0000000,0x00000000e0000000,0x00000000e0c80000)
 ParOldGen       total 50176K, used 15923K [0x0000000080000000, 0x0000000083100000, 0x00000000d5580000)
  object space 50176K, 31% used [0x0000000080000000,0x0000000080f8cfe0,0x0000000083100000)
 Metaspace       used 34000K, capacity 35276K, committed 35416K, reserved 1079296K
  class space    used 4599K, capacity 4913K, committed 4992K, reserved 1048576K
}
Event: 6.533 GC heap before
{Heap before GC invocations=13 (full 2):
 PSYoungGen      total 186368K, used 174592K [0x00000000d5580000, 0x00000000e1900000, 0x0000000100000000)
  eden space 174592K, 100% used [0x00000000d5580000,0x00000000e0000000,0x00000000e0000000)
  from space 11776K, 0% used [0x00000000e0d80000,0x00000000e0d80000,0x00000000e1900000)
  to   space 12800K, 0% used [0x00000000e0000000,0x00000000e0000000,0x00000000e0c80000)
 ParOldGen       total 50176K, used 15923K [0x0000000080000000, 0x0000000083100000, 0x00000000d5580000)
  object space 50176K, 31% used [0x0000000080000000,0x0000000080f8cfe0,0x0000000083100000)
 Metaspace       used 42378K, capacity 44398K, committed 44632K, reserved 1087488K
  class space    used 5757K, capacity 6175K, committed 6272K, reserved 1048576K
Event: 6.549 GC heap after
Heap after GC invocations=13 (full 2):
 PSYoungGen      total 187392K, used 12786K [0x00000000d5580000, 0x00000000e1900000, 0x0000000100000000)
  eden space 174592K, 0% used [0x00000000d5580000,0x00000000d5580000,0x00000000e0000000)
  from space 12800K, 99% used [0x00000000e0000000,0x00000000e0c7cac8,0x00000000e0c80000)
  to   space 11776K, 0% used [0x00000000e0d80000,0x00000000e0d80000,0x00000000e1900000)
 ParOldGen       total 50176K, used 18054K [0x0000000080000000, 0x0000000083100000, 0x00000000d5580000)
  object space 50176K, 35% used [0x0000000080000000,0x00000000811a1a28,0x0000000083100000)
 Metaspace       used 42378K, capacity 44398K, committed 44632K, reserved 1087488K
  class space    used 5757K, capacity 6175K, committed 6272K, reserved 1048576K
}
Event: 8.510 GC heap before
{Heap before GC invocations=14 (full 2):
 PSYoungGen      total 187392K, used 161090K [0x00000000d5580000, 0x00000000e1900000, 0x0000000100000000)
  eden space 174592K, 84% used [0x00000000d5580000,0x00000000de654100,0x00000000e0000000)
  from space 12800K, 99% used [0x00000000e0000000,0x00000000e0c7cac8,0x00000000e0c80000)
  to   space 11776K, 0% used [0x00000000e0d80000,0x00000000e0d80000,0x00000000e1900000)
 ParOldGen       total 50176K, used 18054K [0x0000000080000000, 0x0000000083100000, 0x00000000d5580000)
  object space 50176K, 35% used [0x0000000080000000,0x00000000811a1a28,0x0000000083100000)
 Metaspace       used 56646K, capacity 58938K, committed 59028K, reserved 1099776K
  class space    used 7444K, capacity 7922K, committed 7936K, reserved 1048576K
Event: 8.529 GC heap after
Heap after GC invocations=14 (full 2):
 PSYoungGen      total 186368K, used 11770K [0x00000000d5580000, 0x00000000e1900000, 0x0000000100000000)
  eden space 174592K, 0% used [0x00000000d5580000,0x00000000d5580000,0x00000000e0000000)
  from space 11776K, 99% used [0x00000000e0d80000,0x00000000e18fe8f8,0x00000000e1900000)
  to   space 12800K, 0% used [0x00000000e0000000,0x00000000e0000000,0x00000000e0c80000)
 ParOldGen       total 50176K, used 32113K [0x0000000080000000, 0x0000000083100000, 0x00000000d5580000)
  object space 50176K, 64% used [0x0000000080000000,0x0000000081f5c580,0x0000000083100000)
 Metaspace       used 56646K, capacity 58938K, committed 59028K, reserved 1099776K
  class space    used 7444K, capacity 7922K, committed 7936K, reserved 1048576K
}
Event: 8.529 GC heap before
{Heap before GC invocations=15 (full 3):
 PSYoungGen      total 186368K, used 11770K [0x00000000d5580000, 0x00000000e1900000, 0x0000000100000000)
  eden space 174592K, 0% used [0x00000000d5580000,0x00000000d5580000,0x00000000e0000000)
  from space 11776K, 99% used [0x00000000e0d80000,0x00000000e18fe8f8,0x00000000e1900000)
  to   space 12800K, 0% used [0x00000000e0000000,0x00000000e0000000,0x00000000e0c80000)
 ParOldGen       total 50176K, used 32113K [0x0000000080000000, 0x0000000083100000, 0x00000000d5580000)
  object space 50176K, 64% used [0x0000000080000000,0x0000000081f5c580,0x0000000083100000)
 Metaspace       used 56646K, capacity 58938K, committed 59028K, reserved 1099776K
  class space    used 7444K, capacity 7922K, committed 7936K, reserved 1048576K
Event: 8.737 GC heap after
Heap after GC invocations=15 (full 3):
 PSYoungGen      total 186368K, used 0K [0x00000000d5580000, 0x00000000e1900000, 0x0000000100000000)
  eden space 174592K, 0% used [0x00000000d5580000,0x00000000d5580000,0x00000000e0000000)
  from space 11776K, 0% used [0x00000000e0d80000,0x00000000e0d80000,0x00000000e1900000)
  to   space 12800K, 0% used [0x00000000e0000000,0x00000000e0000000,0x00000000e0c80000)
 ParOldGen       total 50176K, used 39453K [0x0000000080000000, 0x0000000083100000, 0x00000000d5580000)
  object space 50176K, 78% used [0x0000000080000000,0x00000000826874a8,0x0000000083100000)
 Metaspace       used 56594K, capacity 58776K, committed 59028K, reserved 1099776K
  class space    used 7427K, capacity 7893K, committed 7936K, reserved 1048576K
}

