# JRE version: OpenJDK Runtime Environment (8.0_242-b01) (build 1.8.0_242-release-1644-b01)
# Java VM: OpenJDK 64-Bit Server VM (25.242-b01 mixed mode windows-amd64 compressed oops)
Heap:
 PSYoungGen      total 340992K, used 92903K [0x00000000d5580000, 0x00000000f3400000, 0x0000000100000000)
  eden space 302080K, 30% used [0x00000000d5580000,0x00000000db039df0,0x00000000e7c80000)
  from space 38912K, 0% used [0x00000000ebc80000,0x00000000ebc80000,0x00000000ee280000)
  to   space 65536K, 0% used [0x00000000e7c80000,0x00000000e7c80000,0x00000000ebc80000)
 ParOldGen       total 245760K, used 111252K [0x0000000080000000, 0x000000008f000000, 0x00000000d5580000)
  object space 245760K, 45% used [0x0000000080000000,0x0000000086ca5110,0x000000008f000000)
 Metaspace       used 89414K, capacity 93758K, committed 94872K, reserved 1130496K
  class space    used 12009K, capacity 12846K, committed 13232K, reserved 1048576K
GC Heap History (10 events):
Event: 35.876 GC heap before
{Heap before GC invocations=18 (full 3):
 PSYoungGen      total 292352K, used 287309K [0x00000000d5580000, 0x00000000e9100000, 0x0000000100000000)
  eden space 266752K, 100% used [0x00000000d5580000,0x00000000e5a00000,0x00000000e5a00000)
  from space 25600K, 80% used [0x00000000e7700000,0x00000000e8b13550,0x00000000e9000000)
  to   space 28160K, 0% used [0x00000000e5a00000,0x00000000e5a00000,0x00000000e7580000)
 ParOldGen       total 90112K, used 40084K [0x0000000080000000, 0x0000000085800000, 0x00000000d5580000)
  object space 90112K, 44% used [0x0000000080000000,0x0000000082725200,0x0000000085800000)
 Metaspace       used 79994K, capacity 83752K, committed 83864K, reserved 1122304K
  class space    used 10744K, capacity 11433K, committed 11440K, reserved 1048576K
Event: 35.934 GC heap after
Heap after GC invocations=18 (full 3):
 PSYoungGen      total 294912K, used 28151K [0x00000000d5580000, 0x00000000ee280000, 0x0000000100000000)
  eden space 266752K, 0% used [0x00000000d5580000,0x00000000d5580000,0x00000000e5a00000)
  from space 28160K, 99% used [0x00000000e5a00000,0x00000000e757dc78,0x00000000e7580000)
  to   space 38912K, 0% used [0x00000000ebc80000,0x00000000ebc80000,0x00000000ee280000)
 ParOldGen       total 90112K, used 56818K [0x0000000080000000, 0x0000000085800000, 0x00000000d5580000)
  object space 90112K, 63% used [0x0000000080000000,0x000000008377caf0,0x0000000085800000)
 Metaspace       used 79994K, capacity 83752K, committed 83864K, reserved 1122304K
  class space    used 10744K, capacity 11433K, committed 11440K, reserved 1048576K
}
Event: 37.712 GC heap before
{Heap before GC invocations=19 (full 3):
 PSYoungGen      total 294912K, used 294903K [0x00000000d5580000, 0x00000000ee280000, 0x0000000100000000)
  eden space 266752K, 100% used [0x00000000d5580000,0x00000000e5a00000,0x00000000e5a00000)
  from space 28160K, 99% used [0x00000000e5a00000,0x00000000e757dc78,0x00000000e7580000)
  to   space 38912K, 0% used [0x00000000ebc80000,0x00000000ebc80000,0x00000000ee280000)
 ParOldGen       total 90112K, used 56818K [0x0000000080000000, 0x0000000085800000, 0x00000000d5580000)
  object space 90112K, 63% used [0x0000000080000000,0x000000008377caf0,0x0000000085800000)
 Metaspace       used 82937K, capacity 87040K, committed 87192K, reserved 1124352K
  class space    used 11162K, capacity 11907K, committed 11952K, reserved 1048576K
Event: 37.838 GC heap after
Heap after GC invocations=19 (full 3):
 PSYoungGen      total 340992K, used 38898K [0x00000000d5580000, 0x00000000f3400000, 0x0000000100000000)
  eden space 302080K, 0% used [0x00000000d5580000,0x00000000d5580000,0x00000000e7c80000)
  from space 38912K, 99% used [0x00000000ebc80000,0x00000000ee27c968,0x00000000ee280000)
  to   space 65536K, 0% used [0x00000000e7c80000,0x00000000e7c80000,0x00000000ebc80000)
 ParOldGen       total 111616K, used 111602K [0x0000000080000000, 0x0000000086d00000, 0x00000000d5580000)
  object space 111616K, 99% used [0x0000000080000000,0x0000000086cfc928,0x0000000086d00000)
 Metaspace       used 82937K, capacity 87040K, committed 87192K, reserved 1124352K
  class space    used 11162K, capacity 11907K, committed 11952K, reserved 1048576K
}
Event: 37.838 GC heap before
{Heap before GC invocations=20 (full 4):
 PSYoungGen      total 340992K, used 38898K [0x00000000d5580000, 0x00000000f3400000, 0x0000000100000000)
  eden space 302080K, 0% used [0x00000000d5580000,0x00000000d5580000,0x00000000e7c80000)
  from space 38912K, 99% used [0x00000000ebc80000,0x00000000ee27c968,0x00000000ee280000)
  to   space 65536K, 0% used [0x00000000e7c80000,0x00000000e7c80000,0x00000000ebc80000)
 ParOldGen       total 111616K, used 111602K [0x0000000080000000, 0x0000000086d00000, 0x00000000d5580000)
  object space 111616K, 99% used [0x0000000080000000,0x0000000086cfc928,0x0000000086d00000)
 Metaspace       used 82937K, capacity 87040K, committed 87192K, reserved 1124352K
  class space    used 11162K, capacity 11907K, committed 11952K, reserved 1048576K
Event: 39.598 GC heap after
Heap after GC invocations=20 (full 4):
 PSYoungGen      total 340992K, used 20813K [0x00000000d5580000, 0x00000000f3400000, 0x0000000100000000)
  eden space 302080K, 0% used [0x00000000d5580000,0x00000000d5580000,0x00000000e7c80000)
  from space 38912K, 53% used [0x00000000ebc80000,0x00000000ed0d36a0,0x00000000ee280000)
  to   space 65536K, 0% used [0x00000000e7c80000,0x00000000e7c80000,0x00000000ebc80000)
 ParOldGen       total 111616K, used 111552K [0x0000000080000000, 0x0000000086d00000, 0x00000000d5580000)
  object space 111616K, 99% used [0x0000000080000000,0x0000000086cf0378,0x0000000086d00000)
 Metaspace       used 82587K, capacity 86028K, committed 87192K, reserved 1124352K
  class space    used 11047K, capacity 11703K, committed 11952K, reserved 1048576K
}
Event: 42.108 GC heap before
{Heap before GC invocations=21 (full 5):
 PSYoungGen      total 340992K, used 322893K [0x00000000d5580000, 0x00000000f3400000, 0x0000000100000000)
  eden space 302080K, 100% used [0x00000000d5580000,0x00000000e7c80000,0x00000000e7c80000)
  from space 38912K, 53% used [0x00000000ebc80000,0x00000000ed0d36a0,0x00000000ee280000)
  to   space 65536K, 0% used [0x00000000e7c80000,0x00000000e7c80000,0x00000000ebc80000)
 ParOldGen       total 111616K, used 111552K [0x0000000080000000, 0x0000000086d00000, 0x00000000d5580000)
  object space 111616K, 99% used [0x0000000080000000,0x0000000086cf0378,0x0000000086d00000)
 Metaspace       used 88942K, capacity 93678K, committed 93848K, reserved 1130496K
  class space    used 12117K, capacity 13114K, committed 13232K, reserved 1048576K
Event: 43.398 GC heap after
Heap after GC invocations=21 (full 5):
 PSYoungGen      total 340992K, used 37353K [0x00000000d5580000, 0x00000000f3400000, 0x0000000100000000)
  eden space 302080K, 12% used [0x00000000d5580000,0x00000000d79fa568,0x00000000e7c80000)
  from space 38912K, 0% used [0x00000000ebc80000,0x00000000ebc80000,0x00000000ee280000)
  to   space 65536K, 0% used [0x00000000e7c80000,0x00000000e7c80000,0x00000000ebc80000)
 ParOldGen       total 111616K, used 111541K [0x0000000080000000, 0x0000000086d00000, 0x00000000d5580000)
  object space 111616K, 99% used [0x0000000080000000,0x0000000086ced6c0,0x0000000086d00000)
 Metaspace       used 88276K, capacity 92336K, committed 93848K, reserved 1130496K
  class space    used 11869K, capacity 12665K, committed 13232K, reserved 1048576K
}
Event: 44.486 GC heap before
{Heap before GC invocations=22 (full 6):
 PSYoungGen      total 340992K, used 302080K [0x00000000d5580000, 0x00000000f3400000, 0x0000000100000000)
  eden space 302080K, 100% used [0x00000000d5580000,0x00000000e7c80000,0x00000000e7c80000)
  from space 38912K, 0% used [0x00000000ebc80000,0x00000000ebc80000,0x00000000ee280000)
  to   space 65536K, 0% used [0x00000000e7c80000,0x00000000e7c80000,0x00000000ebc80000)
 ParOldGen       total 111616K, used 111541K [0x0000000080000000, 0x0000000086d00000, 0x00000000d5580000)
  object space 111616K, 99% used [0x0000000080000000,0x0000000086ced6c0,0x0000000086d00000)
 Metaspace       used 89393K, capacity 93744K, committed 94872K, reserved 1130496K
  class space    used 12009K, capacity 12845K, committed 13232K, reserved 1048576K
Event: 45.383 GC heap after
Heap after GC invocations=22 (full 6):
 PSYoungGen      total 340992K, used 29862K [0x00000000d5580000, 0x00000000f3400000, 0x0000000100000000)
  eden space 302080K, 9% used [0x00000000d5580000,0x00000000d72a9910,0x00000000e7c80000)
  from space 38912K, 0% used [0x00000000ebc80000,0x00000000ebc80000,0x00000000ee280000)
  to   space 65536K, 0% used [0x00000000e7c80000,0x00000000e7c80000,0x00000000ebc80000)
 ParOldGen       total 245760K, used 111252K [0x0000000080000000, 0x000000008f000000, 0x00000000d5580000)
  object space 245760K, 45% used [0x0000000080000000,0x0000000086ca5110,0x000000008f000000)
 Metaspace       used 89393K, capacity 93744K, committed 94872K, reserved 1130496K
  class space    used 12009K, capacity 12845K, committed 13232K, reserved 1048576K
}

