# JRE version: OpenJDK Runtime Environment (8.0_242-b01) (build 1.8.0_242-release-1644-b01)
# Java VM: OpenJDK 64-Bit Server VM (25.242-b01 mixed mode windows-amd64 compressed oops)
Heap:
 PSYoungGen      total 178176K, used 11393K [0x00000000d5580000, 0x00000000e1200000, 0x0000000100000000)
  eden space 167424K, 6% used [0x00000000d5580000,0x00000000d60a04d8,0x00000000df900000)
  from space 10752K, 0% used [0x00000000e0780000,0x00000000e0780000,0x00000000e1200000)
  to   space 12800K, 0% used [0x00000000df900000,0x00000000df900000,0x00000000e0580000)
 ParOldGen       total 51712K, used 15833K [0x0000000080000000, 0x0000000083280000, 0x00000000d5580000)
  object space 51712K, 30% used [0x0000000080000000,0x0000000080f76778,0x0000000083280000)
 Metaspace       used 34615K, capacity 36000K, committed 36352K, reserved 1081344K
  class space    used 4687K, capacity 5022K, committed 5120K, reserved 1048576K
GC Heap History (10 events):
Event: 3.070 GC heap before
{Heap before GC invocations=8 (full 0):
 PSYoungGen      total 69120K, used 15468K [0x00000000d5580000, 0x00000000de180000, 0x0000000100000000)
  eden space 61952K, 13% used [0x00000000d5580000,0x00000000d5d9e0b8,0x00000000d9200000)
  from space 7168K, 99% used [0x00000000d9200000,0x00000000d98fcfd0,0x00000000d9900000)
  to   space 9728K, 0% used [0x00000000dd800000,0x00000000dd800000,0x00000000de180000)
 ParOldGen       total 42496K, used 7869K [0x0000000080000000, 0x0000000082980000, 0x00000000d5580000)
  object space 42496K, 18% used [0x0000000080000000,0x00000000807af528,0x0000000082980000)
 Metaspace       used 20508K, capacity 21218K, committed 21296K, reserved 1067008K
  class space    used 2861K, capacity 3039K, committed 3072K, reserved 1048576K
Event: 3.076 GC heap after
Heap after GC invocations=8 (full 0):
 PSYoungGen      total 132608K, used 4473K [0x00000000d5580000, 0x00000000de080000, 0x0000000100000000)
  eden space 123904K, 0% used [0x00000000d5580000,0x00000000d5580000,0x00000000dce80000)
  from space 8704K, 51% used [0x00000000dd800000,0x00000000ddc5e4f8,0x00000000de080000)
  to   space 9216K, 0% used [0x00000000dce80000,0x00000000dce80000,0x00000000dd780000)
 ParOldGen       total 42496K, used 8461K [0x0000000080000000, 0x0000000082980000, 0x00000000d5580000)
  object space 42496K, 19% used [0x0000000080000000,0x0000000080843528,0x0000000082980000)
 Metaspace       used 20508K, capacity 21218K, committed 21296K, reserved 1067008K
  class space    used 2861K, capacity 3039K, committed 3072K, reserved 1048576K
}
Event: 3.076 GC heap before
{Heap before GC invocations=9 (full 1):
 PSYoungGen      total 132608K, used 4473K [0x00000000d5580000, 0x00000000de080000, 0x0000000100000000)
  eden space 123904K, 0% used [0x00000000d5580000,0x00000000d5580000,0x00000000dce80000)
  from space 8704K, 51% used [0x00000000dd800000,0x00000000ddc5e4f8,0x00000000de080000)
  to   space 9216K, 0% used [0x00000000dce80000,0x00000000dce80000,0x00000000dd780000)
 ParOldGen       total 42496K, used 8461K [0x0000000080000000, 0x0000000082980000, 0x00000000d5580000)
  object space 42496K, 19% used [0x0000000080000000,0x0000000080843528,0x0000000082980000)
 Metaspace       used 20508K, capacity 21218K, committed 21296K, reserved 1067008K
  class space    used 2861K, capacity 3039K, committed 3072K, reserved 1048576K
Event: 3.116 GC heap after
Heap after GC invocations=9 (full 1):
 PSYoungGen      total 132608K, used 0K [0x00000000d5580000, 0x00000000de080000, 0x0000000100000000)
  eden space 123904K, 0% used [0x00000000d5580000,0x00000000d5580000,0x00000000dce80000)
  from space 8704K, 0% used [0x00000000dd800000,0x00000000dd800000,0x00000000de080000)
  to   space 9216K, 0% used [0x00000000dce80000,0x00000000dce80000,0x00000000dd780000)
 ParOldGen       total 32256K, used 7307K [0x0000000080000000, 0x0000000081f80000, 0x00000000d5580000)
  object space 32256K, 22% used [0x0000000080000000,0x0000000080722e40,0x0000000081f80000)
 Metaspace       used 20508K, capacity 21218K, committed 21296K, reserved 1067008K
  class space    used 2861K, capacity 3039K, committed 3072K, reserved 1048576K
}
Event: 4.739 GC heap before
{Heap before GC invocations=10 (full 1):
 PSYoungGen      total 132608K, used 123904K [0x00000000d5580000, 0x00000000de080000, 0x0000000100000000)
  eden space 123904K, 100% used [0x00000000d5580000,0x00000000dce80000,0x00000000dce80000)
  from space 8704K, 0% used [0x00000000dd800000,0x00000000dd800000,0x00000000de080000)
  to   space 9216K, 0% used [0x00000000dce80000,0x00000000dce80000,0x00000000dd780000)
 ParOldGen       total 32256K, used 7307K [0x0000000080000000, 0x0000000081f80000, 0x00000000d5580000)
  object space 32256K, 22% used [0x0000000080000000,0x0000000080722e40,0x0000000081f80000)
 Metaspace       used 32439K, capacity 33618K, committed 33920K, reserved 1079296K
  class space    used 4397K, capacity 4702K, committed 4736K, reserved 1048576K
Event: 4.754 GC heap after
Heap after GC invocations=10 (full 1):
 PSYoungGen      total 133120K, used 9205K [0x00000000d5580000, 0x00000000e1380000, 0x0000000100000000)
  eden space 123904K, 0% used [0x00000000d5580000,0x00000000d5580000,0x00000000dce80000)
  from space 9216K, 99% used [0x00000000dce80000,0x00000000dd77d520,0x00000000dd780000)
  to   space 12288K, 0% used [0x00000000e0780000,0x00000000e0780000,0x00000000e1380000)
 ParOldGen       total 32256K, used 11200K [0x0000000080000000, 0x0000000081f80000, 0x00000000d5580000)
  object space 32256K, 34% used [0x0000000080000000,0x0000000080af0150,0x0000000081f80000)
 Metaspace       used 32439K, capacity 33618K, committed 33920K, reserved 1079296K
  class space    used 4397K, capacity 4702K, committed 4736K, reserved 1048576K
}
Event: 5.472 GC heap before
{Heap before GC invocations=11 (full 1):
 PSYoungGen      total 133120K, used 47592K [0x00000000d5580000, 0x00000000e1380000, 0x0000000100000000)
  eden space 123904K, 30% used [0x00000000d5580000,0x00000000d7afcb20,0x00000000dce80000)
  from space 9216K, 99% used [0x00000000dce80000,0x00000000dd77d520,0x00000000dd780000)
  to   space 12288K, 0% used [0x00000000e0780000,0x00000000e0780000,0x00000000e1380000)
 ParOldGen       total 32256K, used 11200K [0x0000000080000000, 0x0000000081f80000, 0x00000000d5580000)
  object space 32256K, 34% used [0x0000000080000000,0x0000000080af0150,0x0000000081f80000)
 Metaspace       used 34023K, capacity 35392K, committed 35456K, reserved 1079296K
  class space    used 4610K, capacity 4977K, committed 4992K, reserved 1048576K
Event: 5.479 GC heap after
Heap after GC invocations=11 (full 1):
 PSYoungGen      total 178176K, used 9248K [0x00000000d5580000, 0x00000000e1200000, 0x0000000100000000)
  eden space 167424K, 0% used [0x00000000d5580000,0x00000000d5580000,0x00000000df900000)
  from space 10752K, 86% used [0x00000000e0780000,0x00000000e1088380,0x00000000e1200000)
  to   space 12800K, 0% used [0x00000000df900000,0x00000000df900000,0x00000000e0580000)
 ParOldGen       total 32256K, used 11208K [0x0000000080000000, 0x0000000081f80000, 0x00000000d5580000)
  object space 32256K, 34% used [0x0000000080000000,0x0000000080af2150,0x0000000081f80000)
 Metaspace       used 34023K, capacity 35392K, committed 35456K, reserved 1079296K
  class space    used 4610K, capacity 4977K, committed 4992K, reserved 1048576K
}
Event: 5.479 GC heap before
{Heap before GC invocations=12 (full 2):
 PSYoungGen      total 178176K, used 9248K [0x00000000d5580000, 0x00000000e1200000, 0x0000000100000000)
  eden space 167424K, 0% used [0x00000000d5580000,0x00000000d5580000,0x00000000df900000)
  from space 10752K, 86% used [0x00000000e0780000,0x00000000e1088380,0x00000000e1200000)
  to   space 12800K, 0% used [0x00000000df900000,0x00000000df900000,0x00000000e0580000)
 ParOldGen       total 32256K, used 11208K [0x0000000080000000, 0x0000000081f80000, 0x00000000d5580000)
  object space 32256K, 34% used [0x0000000080000000,0x0000000080af2150,0x0000000081f80000)
 Metaspace       used 34023K, capacity 35392K, committed 35456K, reserved 1079296K
  class space    used 4610K, capacity 4977K, committed 4992K, reserved 1048576K
Event: 5.521 GC heap after
Heap after GC invocations=12 (full 2):
 PSYoungGen      total 178176K, used 0K [0x00000000d5580000, 0x00000000e1200000, 0x0000000100000000)
  eden space 167424K, 0% used [0x00000000d5580000,0x00000000d5580000,0x00000000df900000)
  from space 10752K, 0% used [0x00000000e0780000,0x00000000e0780000,0x00000000e1200000)
  to   space 12800K, 0% used [0x00000000df900000,0x00000000df900000,0x00000000e0580000)
 ParOldGen       total 51712K, used 15833K [0x0000000080000000, 0x0000000083280000, 0x00000000d5580000)
  object space 51712K, 30% used [0x0000000080000000,0x0000000080f76778,0x0000000083280000)
 Metaspace       used 34023K, capacity 35392K, committed 35456K, reserved 1079296K
  class space    used 4610K, capacity 4977K, committed 4992K, reserved 1048576K
}

