# JRE version: OpenJDK Runtime Environment (8.0_242-b01) (build 1.8.0_242-release-1644-b01)
# Java VM: OpenJDK 64-Bit Server VM (25.242-b01 mixed mode windows-amd64 compressed oops)
Heap:
 PSYoungGen      total 346112K, used 291227K [0x00000000d5580000, 0x00000000f1200000, 0x0000000100000000)
  eden space 317440K, 82% used [0x00000000d5580000,0x00000000e55ed880,0x00000000e8b80000)
  from space 28672K, 99% used [0x00000000eb600000,0x00000000ed1f9510,0x00000000ed200000)
  to   space 43520K, 0% used [0x00000000e8b80000,0x00000000e8b80000,0x00000000eb600000)
 ParOldGen       total 84480K, used 58938K [0x0000000080000000, 0x0000000085280000, 0x00000000d5580000)
  object space 84480K, 69% used [0x0000000080000000,0x000000008398ea48,0x0000000085280000)
 Metaspace       used 89739K, capacity 95134K, committed 95384K, reserved 1132544K
  class space    used 12184K, capacity 13166K, committed 13232K, reserved 1048576K
GC Heap History (10 events):
Event: 10.212 GC heap before
{Heap before GC invocations=15 (full 2):
 PSYoungGen      total 228864K, used 29180K [0x00000000d5580000, 0x00000000e5580000, 0x0000000100000000)
  eden space 214016K, 6% used [0x00000000d5580000,0x00000000d63853f8,0x00000000e2680000)
  from space 14848K, 99% used [0x00000000e3c00000,0x00000000e4a79e30,0x00000000e4a80000)
  to   space 22016K, 0% used [0x00000000e2680000,0x00000000e2680000,0x00000000e3c00000)
 ParOldGen       total 51200K, used 28231K [0x0000000080000000, 0x0000000083200000, 0x00000000d5580000)
  object space 51200K, 55% used [0x0000000080000000,0x0000000081b91f40,0x0000000083200000)
 Metaspace       used 56840K, capacity 59076K, committed 59160K, reserved 1099776K
  class space    used 7700K, capacity 8187K, committed 8240K, reserved 1048576K
Event: 10.221 GC heap after
Heap after GC invocations=15 (full 2):
 PSYoungGen      total 236032K, used 1464K [0x00000000d5580000, 0x00000000e9f80000, 0x0000000100000000)
  eden space 214016K, 0% used [0x00000000d5580000,0x00000000d5580000,0x00000000e2680000)
  from space 22016K, 6% used [0x00000000e2680000,0x00000000e27ee110,0x00000000e3c00000)
  to   space 22016K, 0% used [0x00000000e8a00000,0x00000000e8a00000,0x00000000e9f80000)
 ParOldGen       total 51200K, used 39512K [0x0000000080000000, 0x0000000083200000, 0x00000000d5580000)
  object space 51200K, 77% used [0x0000000080000000,0x00000000826961f8,0x0000000083200000)
 Metaspace       used 56840K, capacity 59076K, committed 59160K, reserved 1099776K
  class space    used 7700K, capacity 8187K, committed 8240K, reserved 1048576K
}
Event: 10.221 GC heap before
{Heap before GC invocations=16 (full 3):
 PSYoungGen      total 236032K, used 1464K [0x00000000d5580000, 0x00000000e9f80000, 0x0000000100000000)
  eden space 214016K, 0% used [0x00000000d5580000,0x00000000d5580000,0x00000000e2680000)
  from space 22016K, 6% used [0x00000000e2680000,0x00000000e27ee110,0x00000000e3c00000)
  to   space 22016K, 0% used [0x00000000e8a00000,0x00000000e8a00000,0x00000000e9f80000)
 ParOldGen       total 51200K, used 39512K [0x0000000080000000, 0x0000000083200000, 0x00000000d5580000)
  object space 51200K, 77% used [0x0000000080000000,0x00000000826961f8,0x0000000083200000)
 Metaspace       used 56840K, capacity 59076K, committed 59160K, reserved 1099776K
  class space    used 7700K, capacity 8187K, committed 8240K, reserved 1048576K
Event: 10.458 GC heap after
Heap after GC invocations=16 (full 3):
 PSYoungGen      total 236032K, used 0K [0x00000000d5580000, 0x00000000e9f80000, 0x0000000100000000)
  eden space 214016K, 0% used [0x00000000d5580000,0x00000000d5580000,0x00000000e2680000)
  from space 22016K, 0% used [0x00000000e2680000,0x00000000e2680000,0x00000000e3c00000)
  to   space 22016K, 0% used [0x00000000e8a00000,0x00000000e8a00000,0x00000000e9f80000)
 ParOldGen       total 84480K, used 31517K [0x0000000080000000, 0x0000000085280000, 0x00000000d5580000)
  object space 84480K, 37% used [0x0000000080000000,0x0000000081ec77a0,0x0000000085280000)
 Metaspace       used 56811K, capacity 58980K, committed 59160K, reserved 1099776K
  class space    used 7691K, capacity 8171K, committed 8240K, reserved 1048576K
}
Event: 14.309 GC heap before
{Heap before GC invocations=17 (full 3):
 PSYoungGen      total 236032K, used 214016K [0x00000000d5580000, 0x00000000e9f80000, 0x0000000100000000)
  eden space 214016K, 100% used [0x00000000d5580000,0x00000000e2680000,0x00000000e2680000)
  from space 22016K, 0% used [0x00000000e2680000,0x00000000e2680000,0x00000000e3c00000)
  to   space 22016K, 0% used [0x00000000e8a00000,0x00000000e8a00000,0x00000000e9f80000)
 ParOldGen       total 84480K, used 31517K [0x0000000080000000, 0x0000000085280000, 0x00000000d5580000)
  object space 84480K, 37% used [0x0000000080000000,0x0000000081ec77a0,0x0000000085280000)
 Metaspace       used 67578K, capacity 70780K, committed 70936K, reserved 1110016K
  class space    used 9294K, capacity 9921K, committed 10032K, reserved 1048576K
Event: 14.339 GC heap after
Heap after GC invocations=17 (full 3):
 PSYoungGen      total 290304K, used 20992K [0x00000000d5580000, 0x00000000e9f00000, 0x0000000100000000)
  eden space 268800K, 0% used [0x00000000d5580000,0x00000000d5580000,0x00000000e5c00000)
  from space 21504K, 97% used [0x00000000e8a00000,0x00000000e9e80030,0x00000000e9f00000)
  to   space 25088K, 0% used [0x00000000e6e00000,0x00000000e6e00000,0x00000000e8680000)
 ParOldGen       total 84480K, used 31525K [0x0000000080000000, 0x0000000085280000, 0x00000000d5580000)
  object space 84480K, 37% used [0x0000000080000000,0x0000000081ec97a0,0x0000000085280000)
 Metaspace       used 67578K, capacity 70780K, committed 70936K, reserved 1110016K
  class space    used 9294K, capacity 9921K, committed 10032K, reserved 1048576K
}
Event: 19.321 GC heap before
{Heap before GC invocations=18 (full 3):
 PSYoungGen      total 290304K, used 289792K [0x00000000d5580000, 0x00000000e9f00000, 0x0000000100000000)
  eden space 268800K, 100% used [0x00000000d5580000,0x00000000e5c00000,0x00000000e5c00000)
  from space 21504K, 97% used [0x00000000e8a00000,0x00000000e9e80030,0x00000000e9f00000)
  to   space 25088K, 0% used [0x00000000e6e00000,0x00000000e6e00000,0x00000000e8680000)
 ParOldGen       total 84480K, used 31525K [0x0000000080000000, 0x0000000085280000, 0x00000000d5580000)
  object space 84480K, 37% used [0x0000000080000000,0x0000000081ec97a0,0x0000000085280000)
 Metaspace       used 75504K, capacity 79020K, committed 79256K, reserved 1118208K
  class space    used 10178K, capacity 10829K, committed 10928K, reserved 1048576K
Event: 19.367 GC heap after
Heap after GC invocations=18 (full 3):
 PSYoungGen      total 312320K, used 22563K [0x00000000d5580000, 0x00000000ed200000, 0x0000000100000000)
  eden space 287232K, 0% used [0x00000000d5580000,0x00000000d5580000,0x00000000e6e00000)
  from space 25088K, 89% used [0x00000000e6e00000,0x00000000e8408f48,0x00000000e8680000)
  to   space 28672K, 0% used [0x00000000eb600000,0x00000000eb600000,0x00000000ed200000)
 ParOldGen       total 84480K, used 31533K [0x0000000080000000, 0x0000000085280000, 0x00000000d5580000)
  object space 84480K, 37% used [0x0000000080000000,0x0000000081ecb7a0,0x0000000085280000)
 Metaspace       used 75504K, capacity 79020K, committed 79256K, reserved 1118208K
  class space    used 10178K, capacity 10829K, committed 10928K, reserved 1048576K
}
Event: 22.859 GC heap before
{Heap before GC invocations=19 (full 3):
 PSYoungGen      total 312320K, used 309795K [0x00000000d5580000, 0x00000000ed200000, 0x0000000100000000)
  eden space 287232K, 100% used [0x00000000d5580000,0x00000000e6e00000,0x00000000e6e00000)
  from space 25088K, 89% used [0x00000000e6e00000,0x00000000e8408f48,0x00000000e8680000)
  to   space 28672K, 0% used [0x00000000eb600000,0x00000000eb600000,0x00000000ed200000)
 ParOldGen       total 84480K, used 31533K [0x0000000080000000, 0x0000000085280000, 0x00000000d5580000)
  object space 84480K, 37% used [0x0000000080000000,0x0000000081ecb7a0,0x0000000085280000)
 Metaspace       used 82587K, capacity 86778K, committed 86936K, reserved 1124352K
  class space    used 11139K, capacity 11894K, committed 11952K, reserved 1048576K
Event: 23.010 GC heap after
Heap after GC invocations=19 (full 3):
 PSYoungGen      total 346112K, used 28645K [0x00000000d5580000, 0x00000000f1200000, 0x0000000100000000)
  eden space 317440K, 0% used [0x00000000d5580000,0x00000000d5580000,0x00000000e8b80000)
  from space 28672K, 99% used [0x00000000eb600000,0x00000000ed1f9510,0x00000000ed200000)
  to   space 43520K, 0% used [0x00000000e8b80000,0x00000000e8b80000,0x00000000eb600000)
 ParOldGen       total 84480K, used 58938K [0x0000000080000000, 0x0000000085280000, 0x00000000d5580000)
  object space 84480K, 69% used [0x0000000080000000,0x000000008398ea48,0x0000000085280000)
 Metaspace       used 82587K, capacity 86778K, committed 86936K, reserved 1124352K
  class space    used 11139K, capacity 11894K, committed 11952K, reserved 1048576K
}

